<?xml version="1.0" encoding="UTF-8"?>
<!-- Generated by org.testng.reporters.JUnitReportReporter -->
<testsuite hostname="Sarfaraj_Doni" name="courses.BoatEd.OregonTest" tests="6" failures="0" timestamp="2 Jan 2017 16:27:04 GMT" time="2341.479" errors="1">
  <testcase name="OR_Stds_Req_International_Address" time="352.311" classname="courses.BoatEd.OregonTest"/>
  <testcase name="OR_VerifyFeeAndTaxes" time="357.284" classname="courses.BoatEd.OregonTest"/>
  <testcase name="OR_VerifyPraticeExam" time="1156.749" classname="courses.BoatEd.OregonTest">
    <error type="java.lang.AssertionError" message="null">
      <![CDATA[java.lang.AssertionError: null
	at org.testng.Assert.fail(Assert.java:94)
	at org.testng.Assert.fail(Assert.java:101)
	at courses.BoatEd.OregonTest.OR_VerifyPraticeExam(OregonTest.java:935)
	at sun.reflect.NativeMethodAccessorImpl.invoke0(Native Method)
	at sun.reflect.NativeMethodAccessorImpl.invoke(NativeMethodAccessorImpl.java:57)
	at sun.reflect.DelegatingMethodAccessorImpl.invoke(DelegatingMethodAccessorImpl.java:43)
	at java.lang.reflect.Method.invoke(Method.java:606)
	at org.testng.internal.MethodInvocationHelper.invokeMethod(MethodInvocationHelper.java:84)
	at org.testng.internal.Invoker.invokeMethod(Invoker.java:714)
	at org.testng.internal.Invoker.invokeTestMethod(Invoker.java:901)
	at org.testng.internal.Invoker.invokeTestMethods(Invoker.java:1231)
	at org.testng.internal.TestMethodWorker.invokeTestMethods(TestMethodWorker.java:127)
	at org.testng.internal.TestMethodWorker.run(TestMethodWorker.java:111)
	at java.util.concurrent.ThreadPoolExecutor.runWorker(ThreadPoolExecutor.java:1145)
	at java.util.concurrent.ThreadPoolExecutor$Worker.run(ThreadPoolExecutor.java:615)
	at java.lang.Thread.run(Thread.java:745)
]]>
    </error>
  </testcase> <!-- OR_VerifyPraticeExam -->
  <testcase name="OR_VerifyAgencyName" time="119.232" classname="courses.BoatEd.OregonTest"/>
  <testcase name="OR_Navigate_To_StudyGuide_Page" time="135.003" classname="courses.BoatEd.OregonTest"/>
  <testcase name="OR_Stds_Req_AgeLimit" time="220.900" classname="courses.BoatEd.OregonTest"/>
</testsuite> <!-- courses.BoatEd.OregonTest -->
