<?xml version="1.0" encoding="UTF-8"?>
<!-- Generated by org.testng.reporters.JUnitReportReporter -->
<testsuite hostname="Sarfaraj_Doni" name="products.CM.OrderReplacementTest" tests="6" failures="0" timestamp="5 Jan 2017 17:28:11 GMT" time="471.191" errors="1">
  <testcase name="SelectNoOfCards" time="69.201" classname="products.CM.OrderReplacementTest">
    <error type="java.lang.AssertionError" message="null">
      <![CDATA[java.lang.AssertionError: null
	at org.testng.Assert.fail(Assert.java:94)
	at org.testng.Assert.fail(Assert.java:101)
	at products.CM.OrderReplacementTest.SelectNoOfCards(OrderReplacementTest.java:258)
	at sun.reflect.NativeMethodAccessorImpl.invoke0(Native Method)
	at sun.reflect.NativeMethodAccessorImpl.invoke(NativeMethodAccessorImpl.java:57)
	at sun.reflect.DelegatingMethodAccessorImpl.invoke(DelegatingMethodAccessorImpl.java:43)
	at java.lang.reflect.Method.invoke(Method.java:606)
	at org.testng.internal.MethodInvocationHelper.invokeMethod(MethodInvocationHelper.java:84)
	at org.testng.internal.Invoker.invokeMethod(Invoker.java:714)
	at org.testng.internal.Invoker.invokeTestMethod(Invoker.java:901)
	at org.testng.internal.Invoker.invokeTestMethods(Invoker.java:1231)
	at org.testng.internal.TestMethodWorker.invokeTestMethods(TestMethodWorker.java:127)
	at org.testng.internal.TestMethodWorker.run(TestMethodWorker.java:111)
	at java.util.concurrent.ThreadPoolExecutor.runWorker(ThreadPoolExecutor.java:1145)
	at java.util.concurrent.ThreadPoolExecutor$Worker.run(ThreadPoolExecutor.java:615)
	at java.lang.Thread.run(Thread.java:745)
]]>
    </error>
  </testcase> <!-- SelectNoOfCards -->
  <testcase name="OrderReplacement" time="78.474" classname="products.CM.OrderReplacementTest"/>
  <testcase name="VerifyCountryStateCombinations" time="84.860" classname="products.CM.OrderReplacementTest"/>
  <testcase name="ValidationOnPlaceOrder" time="74.179" classname="products.CM.OrderReplacementTest"/>
  <testcase name="VerifyPlaceOrderFunctionality" time="80.439" classname="products.CM.OrderReplacementTest"/>
  <testcase name="VerifyFields" time="84.038" classname="products.CM.OrderReplacementTest"/>
</testsuite> <!-- products.CM.OrderReplacementTest -->
