<html>
<head>
<title>TestNG:  CM - ILMC Automation Run on Win/Chrome Re-Run</title>
<link href="../testng.css" rel="stylesheet" type="text/css" />
<link href="../my-testng.css" rel="stylesheet" type="text/css" />

<style type="text/css">
.log { display: none;} 
.stack-trace { display: none;} 
</style>
<script type="text/javascript">
<!--
function flip(e) {
  current = e.style.display;
  if (current == 'block') {
    e.style.display = 'none';
    return 0;
  }
  else {
    e.style.display = 'block';
    return 1;
  }
}

function toggleBox(szDivId, elem, msg1, msg2)
{
  var res = -1;  if (document.getElementById) {
    res = flip(document.getElementById(szDivId));
  }
  else if (document.all) {
    // this is the way old msie versions work
    res = flip(document.all[szDivId]);
  }
  if(elem) {
    if(res == 0) elem.innerHTML = msg1; else elem.innerHTML = msg2;
  }

}

function toggleAllBoxes() {
  if (document.getElementsByTagName) {
    d = document.getElementsByTagName('div');
    for (i = 0; i < d.length; i++) {
      if (d[i].className == 'log') {
        flip(d[i]);
      }
    }
  }
}

// -->
</script>

</head>
<body>
<h2 align='center'>CM - ILMC Automation Run on Win/Chrome Re-Run</h2><table border='1' align="center">
<tr>
<td>Tests passed/Failed/Skipped:</td><td>14/8/0</td>
</tr><tr>
<td>Started on:</td><td>Tue Jan 17 12:02:49 IST 2017</td>
</tr>
<tr><td>Total time:</td><td>3419 seconds (3419285 ms)</td>
</tr><tr>
<td>Included groups:</td><td></td>
</tr><tr>
<td>Excluded groups:</td><td></td>
</tr>
</table><p/>
<small><i>(Hover the method name to see the test class name)</i></small><p/>
<table width='100%' border='1' class='invocation-failed'>
<tr><td colspan='4' align='center'><b>FAILED TESTS</b></td></tr>
<tr><td><b>Test method</b></td>
<td width="30%"><b>Exception</b></td>
<td width="10%"><b>Time (seconds)</b></td>
<td><b>Instance</b></td>
</tr>
<tr>
<td title='products.CM.AgencyImporterTest.AgencyImportGoodFile()'><b>AgencyImportGoodFile</b><br>Test class: products.CM.AgencyImporterTest<br/>
<a href="#Output-31816141" onClick='toggleBox("Output-31816141", this, "Show output", "Hide output");'>Show output</a>

<a href="#Output-31816141" onClick="toggleAllBoxes();">Show all outputs</a>
<div class='log' id="Output-31816141">
====
Test 2 : Verify agency importer functionality with good file
====<br/>
Step 1 : Navigate to Login page : https://kps.staging.kalkomey.com/login<br/>
Step 2 : Login to application and navigating to Agency Importer page<br/>
Step 3 : Try to import good file and verify success message<br/>
</div>
</td>
<td><div><pre>org.openqa.selenium.NoSuchElementException: Timed out after 40 seconds. Unable to locate the element
For documentation on this error, please visit: http://seleniumhq.org/exceptions/no_such_element.html
Build info: version: &apos;2.48.2&apos;, revision: &apos;41bccdd10cf2c0560f637404c2d96164b67d9d67&apos;, time: &apos;2015-10-09 13:08:06&apos;
System info: host: &apos;Sarfaraj_Doni&apos;, ip: &apos;169.254.112.137&apos;, os.name: &apos;Windows 7&apos;, os.arch: &apos;amd64&apos;, os.version: &apos;6.1&apos;, java.version: &apos;1.7.0_71&apos;
Driver info: driver.version: unknown
	at org.openqa.selenium.support.pagefactory.AjaxElementLocator.findElement(AjaxElementLocator.java:91)
	at org.openqa.selenium.support.pagefactory.internal.LocatingElementHandler.invoke(LocatingElementHandler.java:38)
	at com.sun.proxy.$Proxy9.getText(Unknown Source)
	at products.CM.AgencyImporterTest.AgencyImportGoodFile(AgencyImporterTest.java:177)
	at java.util.concurrent.ThreadPoolExecutor.runWorker(ThreadPoolExecutor.java:1145)
	at java.util.concurrent.ThreadPoolExecutor$Worker.run(ThreadPoolExecutor.java:615)
	at java.lang.Thread.run(Thread.java:745)
Caused by: org.openqa.selenium.NoSuchElementException: no such element: Unable to locate element: {&quot;method&quot;:&quot;css selector&quot;,&quot;selector&quot;:&quot;.alert.alert-success&quot;}
  (Session info: chrome=55.0.2883.87)
  (Driver info: chromedriver=2.24.417431 (9aea000394714d2fbb20850021f6204f2256b9cf),platform=Windows NT 6.1.7601 SP1 x86_64) (WARNING: The server did not provide any stacktrace information)
Command duration or timeout: 15.03 seconds
For documentation on this error, please visit: http://seleniumhq.org/exceptions/no_such_element.html
Build info: version: &apos;2.48.2&apos;, revision: &apos;41bccdd10cf2c0560f637404c2d96164b67d9d67&apos;, time: &apos;2015-10-09 13:08:06&apos;
System info: host: &apos;Sarfaraj_Doni&apos;, ip: &apos;169.254.112.137&apos;, os.name: &apos;Windows 7&apos;, os.arch: &apos;amd64&apos;, os.version: &apos;6.1&apos;, java.version: &apos;1.7.0_71&apos;
*** Element info: {Using=css selector, value=.alert.alert-success}
Session ID: b7036422dec60ed8db88601f3620943a
Driver info: org.openqa.selenium.chrome.ChromeDriver
Capabilities [{platform=XP, acceptSslCerts=true, javascriptEnabled=true, browserName=chrome, chrome={userDataDir=C:\Users\SARFAR~1\AppData\Local\Temp\scoped_dir11276_26049, chromedriverVersion=2.24.417431 (9aea000394714d2fbb20850021f6204f2256b9cf)}, networkConnectionEnabled=false, rotatable=false, locationContextEnabled=true, mobileEmulationEnabled=false, version=55.0.2883.87, pageLoadStrategy=normal, takesHeapSnapshot=true, cssSelectorsEnabled=true, databaseEnabled=false, handlesAlerts=true, browserConnectionEnabled=false, webStorageEnabled=true, nativeEvents=true, hasTouchScreen=false, applicationCacheEnabled=false, takesScreenshot=true}]
	at org.openqa.selenium.remote.ErrorHandler.createThrowable(ErrorHandler.java:206)
	at org.openqa.selenium.remote.ErrorHandler.throwIfResponseFailed(ErrorHandler.java:158)
	at org.openqa.selenium.remote.RemoteWebDriver.execute(RemoteWebDriver.java:647)
	at org.openqa.selenium.remote.RemoteWebDriver.findElement(RemoteWebDriver.java:353)
	at org.openqa.selenium.remote.RemoteWebDriver.findElementByCssSelector(RemoteWebDriver.java:482)
	at org.openqa.selenium.By$ByCssSelector.findElement(By.java:430)
	at org.openqa.selenium.remote.RemoteWebDriver.findElement(RemoteWebDriver.java:345)
	at org.openqa.selenium.support.pagefactory.DefaultElementLocator.findElement(DefaultElementLocator.java:69)
	at org.openqa.selenium.support.pagefactory.AjaxElementLocator.access$001(AjaxElementLocator.java:41)
	at org.openqa.selenium.support.pagefactory.AjaxElementLocator$SlowLoadingElement.isLoaded(AjaxElementLocator.java:157)
	at org.openqa.selenium.support.ui.SlowLoadableComponent.get(SlowLoadableComponent.java:70)
	at org.openqa.selenium.support.pagefactory.AjaxElementLocator.findElement(AjaxElementLocator.java:87)
	... 16 more
... Removed 13 stack frames</pre></div><a href='#' onClick='toggleBox("stack-trace31816141", this, "Click to show all stack frames", "Click to hide stack frames")'>Click to show all stack frames</a>
<div class='stack-trace' id='stack-trace31816141'><pre>org.openqa.selenium.NoSuchElementException: Timed out after 40 seconds. Unable to locate the element
For documentation on this error, please visit: http://seleniumhq.org/exceptions/no_such_element.html
Build info: version: &apos;2.48.2&apos;, revision: &apos;41bccdd10cf2c0560f637404c2d96164b67d9d67&apos;, time: &apos;2015-10-09 13:08:06&apos;
System info: host: &apos;Sarfaraj_Doni&apos;, ip: &apos;169.254.112.137&apos;, os.name: &apos;Windows 7&apos;, os.arch: &apos;amd64&apos;, os.version: &apos;6.1&apos;, java.version: &apos;1.7.0_71&apos;
Driver info: driver.version: unknown
	at org.openqa.selenium.support.pagefactory.AjaxElementLocator.findElement(AjaxElementLocator.java:91)
	at org.openqa.selenium.support.pagefactory.internal.LocatingElementHandler.invoke(LocatingElementHandler.java:38)
	at com.sun.proxy.$Proxy9.getText(Unknown Source)
	at products.CM.AgencyImporterTest.AgencyImportGoodFile(AgencyImporterTest.java:177)
	at sun.reflect.NativeMethodAccessorImpl.invoke0(Native Method)
	at sun.reflect.NativeMethodAccessorImpl.invoke(NativeMethodAccessorImpl.java:57)
	at sun.reflect.DelegatingMethodAccessorImpl.invoke(DelegatingMethodAccessorImpl.java:43)
	at java.lang.reflect.Method.invoke(Method.java:606)
	at org.testng.internal.MethodInvocationHelper.invokeMethod(MethodInvocationHelper.java:84)
	at org.testng.internal.Invoker.invokeMethod(Invoker.java:714)
	at org.testng.internal.Invoker.invokeTestMethod(Invoker.java:901)
	at org.testng.internal.Invoker.invokeTestMethods(Invoker.java:1231)
	at org.testng.internal.TestMethodWorker.invokeTestMethods(TestMethodWorker.java:127)
	at org.testng.internal.TestMethodWorker.run(TestMethodWorker.java:111)
	at java.util.concurrent.ThreadPoolExecutor.runWorker(ThreadPoolExecutor.java:1145)
	at java.util.concurrent.ThreadPoolExecutor$Worker.run(ThreadPoolExecutor.java:615)
	at java.lang.Thread.run(Thread.java:745)
Caused by: org.openqa.selenium.NoSuchElementException: no such element: Unable to locate element: {&quot;method&quot;:&quot;css selector&quot;,&quot;selector&quot;:&quot;.alert.alert-success&quot;}
  (Session info: chrome=55.0.2883.87)
  (Driver info: chromedriver=2.24.417431 (9aea000394714d2fbb20850021f6204f2256b9cf),platform=Windows NT 6.1.7601 SP1 x86_64) (WARNING: The server did not provide any stacktrace information)
Command duration or timeout: 15.03 seconds
For documentation on this error, please visit: http://seleniumhq.org/exceptions/no_such_element.html
Build info: version: &apos;2.48.2&apos;, revision: &apos;41bccdd10cf2c0560f637404c2d96164b67d9d67&apos;, time: &apos;2015-10-09 13:08:06&apos;
System info: host: &apos;Sarfaraj_Doni&apos;, ip: &apos;169.254.112.137&apos;, os.name: &apos;Windows 7&apos;, os.arch: &apos;amd64&apos;, os.version: &apos;6.1&apos;, java.version: &apos;1.7.0_71&apos;
*** Element info: {Using=css selector, value=.alert.alert-success}
Session ID: b7036422dec60ed8db88601f3620943a
Driver info: org.openqa.selenium.chrome.ChromeDriver
Capabilities [{platform=XP, acceptSslCerts=true, javascriptEnabled=true, browserName=chrome, chrome={userDataDir=C:\Users\SARFAR~1\AppData\Local\Temp\scoped_dir11276_26049, chromedriverVersion=2.24.417431 (9aea000394714d2fbb20850021f6204f2256b9cf)}, networkConnectionEnabled=false, rotatable=false, locationContextEnabled=true, mobileEmulationEnabled=false, version=55.0.2883.87, pageLoadStrategy=normal, takesHeapSnapshot=true, cssSelectorsEnabled=true, databaseEnabled=false, handlesAlerts=true, browserConnectionEnabled=false, webStorageEnabled=true, nativeEvents=true, hasTouchScreen=false, applicationCacheEnabled=false, takesScreenshot=true}]
	at sun.reflect.GeneratedConstructorAccessor17.newInstance(Unknown Source)
	at sun.reflect.DelegatingConstructorAccessorImpl.newInstance(DelegatingConstructorAccessorImpl.java:45)
	at java.lang.reflect.Constructor.newInstance(Constructor.java:526)
	at org.openqa.selenium.remote.ErrorHandler.createThrowable(ErrorHandler.java:206)
	at org.openqa.selenium.remote.ErrorHandler.throwIfResponseFailed(ErrorHandler.java:158)
	at org.openqa.selenium.remote.RemoteWebDriver.execute(RemoteWebDriver.java:647)
	at org.openqa.selenium.remote.RemoteWebDriver.findElement(RemoteWebDriver.java:353)
	at org.openqa.selenium.remote.RemoteWebDriver.findElementByCssSelector(RemoteWebDriver.java:482)
	at org.openqa.selenium.By$ByCssSelector.findElement(By.java:430)
	at org.openqa.selenium.remote.RemoteWebDriver.findElement(RemoteWebDriver.java:345)
	at org.openqa.selenium.support.pagefactory.DefaultElementLocator.findElement(DefaultElementLocator.java:69)
	at org.openqa.selenium.support.pagefactory.AjaxElementLocator.access$001(AjaxElementLocator.java:41)
	at org.openqa.selenium.support.pagefactory.AjaxElementLocator$SlowLoadingElement.isLoaded(AjaxElementLocator.java:157)
	at org.openqa.selenium.support.ui.SlowLoadableComponent.get(SlowLoadableComponent.java:70)
	at org.openqa.selenium.support.pagefactory.AjaxElementLocator.findElement(AjaxElementLocator.java:87)
	... 16 more
</pre></div></td>
<td>111</td>
<td>products.CM.AgencyImporterTest@7b527b7a</td></tr>
<tr>
<td title='products.CM.EditProfileTest.EditProfile_ViewCertUpdateOnYourProfile()'><b>EditProfile_ViewCertUpdateOnYourProfile</b><br>Test class: products.CM.EditProfileTest<br/>
<a href="#Output-2012305855" onClick='toggleBox("Output-2012305855", this, "Show output", "Hide output");'>Show output</a>

<a href="#Output-2012305855" onClick="toggleAllBoxes();">Show all outputs</a>
<div class='log' id="Output-2012305855">
====
Test 7 : Edit Profile - Verify View Cert update on your profile.
====<br/>
Step 1 : Navigate to Login page : https://kps.staging.kalkomey.com/login<br/>
Step 2 : Verify Login to application<br/>
Step 3 : Verify and navigate to the certifications page.<br/>
Success !! User has navigated to the certifications page.<br/>
Step 4 : Enter the valid data in mandatory field for Search Certifications functionality and click on Search button.<br/>
Step 5 : Click on the first certification record that shows up<br/>
Step 6 : Verify user has navigated to an individual certification record in KPS.<br/>
Success !! user has navigated to an individual certification record in KPS.<br/>
Step 7 : Click on Edit Link<br/>
Step 8 : Verify this will take you to the edit form for this certification record. <br/>
Success !! user has succesfully navigated to edit form.<br/>
Step 9 :  Change the information of any address field to the desired input.<br/>
Step 10:  Click on Continue button.<br/>
Step 11 : Verifying changes has updated successfully or not<br/>
Success !! changes has updated successfully<br/>
Step 12 : Navigate to User Profile > Edit page<br/>
Step 13 : Verify user has navigated back to profile page.<br/>
Success !! user has navigated back to profile page<br/>
Step 14 : Verify the changes that you made to the Certification is same as profile page, located on the right, under the words 'Activitiy in the Last Month'<br/>
</div>
</td>
<td><div><pre>org.openqa.selenium.NoSuchElementException: Timed out after 40 seconds. Unable to locate the element
For documentation on this error, please visit: http://seleniumhq.org/exceptions/no_such_element.html
Build info: version: &apos;2.48.2&apos;, revision: &apos;41bccdd10cf2c0560f637404c2d96164b67d9d67&apos;, time: &apos;2015-10-09 13:08:06&apos;
System info: host: &apos;Sarfaraj_Doni&apos;, ip: &apos;169.254.112.137&apos;, os.name: &apos;Windows 7&apos;, os.arch: &apos;amd64&apos;, os.version: &apos;6.1&apos;, java.version: &apos;1.7.0_71&apos;
Driver info: driver.version: unknown
	at org.openqa.selenium.support.pagefactory.AjaxElementLocator.findElement(AjaxElementLocator.java:91)
	at org.openqa.selenium.support.pagefactory.internal.LocatingElementHandler.invoke(LocatingElementHandler.java:38)
	at com.sun.proxy.$Proxy9.click(Unknown Source)
	at pageFactory.CM.EditCertificationPage.ClickOnDetailsLink(EditCertificationPage.java:417)
	at products.CM.EditProfileTest.EditProfile_ViewCertUpdateOnYourProfile(EditProfileTest.java:1036)
	at java.util.concurrent.ThreadPoolExecutor.runWorker(ThreadPoolExecutor.java:1145)
	at java.util.concurrent.ThreadPoolExecutor$Worker.run(ThreadPoolExecutor.java:615)
	at java.lang.Thread.run(Thread.java:745)
Caused by: org.openqa.selenium.NoSuchElementException: no such element: Unable to locate element: {&quot;method&quot;:&quot;css selector&quot;,&quot;selector&quot;:&quot;#activity-stream ul li:nth-of-type(1) div:nth-of-type(2) p button&quot;}
  (Session info: chrome=55.0.2883.87)
  (Driver info: chromedriver=2.24.417431 (9aea000394714d2fbb20850021f6204f2256b9cf),platform=Windows NT 6.1.7601 SP1 x86_64) (WARNING: The server did not provide any stacktrace information)
Command duration or timeout: 15.03 seconds
For documentation on this error, please visit: http://seleniumhq.org/exceptions/no_such_element.html
Build info: version: &apos;2.48.2&apos;, revision: &apos;41bccdd10cf2c0560f637404c2d96164b67d9d67&apos;, time: &apos;2015-10-09 13:08:06&apos;
System info: host: &apos;Sarfaraj_Doni&apos;, ip: &apos;169.254.112.137&apos;, os.name: &apos;Windows 7&apos;, os.arch: &apos;amd64&apos;, os.version: &apos;6.1&apos;, java.version: &apos;1.7.0_71&apos;
*** Element info: {Using=css selector, value=#activity-stream ul li:nth-of-type(1) div:nth-of-type(2) p button}
Session ID: 4800d8b67c0554a344ca3cdb31a71952
Driver info: org.openqa.selenium.chrome.ChromeDriver
Capabilities [{platform=XP, acceptSslCerts=true, javascriptEnabled=true, browserName=chrome, chrome={userDataDir=C:\Users\SARFAR~1\AppData\Local\Temp\scoped_dir6136_4164, chromedriverVersion=2.24.417431 (9aea000394714d2fbb20850021f6204f2256b9cf)}, networkConnectionEnabled=false, rotatable=false, locationContextEnabled=true, mobileEmulationEnabled=false, version=55.0.2883.87, pageLoadStrategy=normal, takesHeapSnapshot=true, cssSelectorsEnabled=true, databaseEnabled=false, handlesAlerts=true, browserConnectionEnabled=false, webStorageEnabled=true, nativeEvents=true, hasTouchScreen=false, applicationCacheEnabled=false, takesScreenshot=true}]
	at org.openqa.selenium.remote.ErrorHandler.createThrowable(ErrorHandler.java:206)
	at org.openqa.selenium.remote.ErrorHandler.throwIfResponseFailed(ErrorHandler.java:158)
	at org.openqa.selenium.remote.RemoteWebDriver.execute(RemoteWebDriver.java:647)
	at org.openqa.selenium.remote.RemoteWebDriver.findElement(RemoteWebDriver.java:353)
	at org.openqa.selenium.remote.RemoteWebDriver.findElementByCssSelector(RemoteWebDriver.java:482)
	at org.openqa.selenium.By$ByCssSelector.findElement(By.java:430)
	at org.openqa.selenium.remote.RemoteWebDriver.findElement(RemoteWebDriver.java:345)
	at org.openqa.selenium.support.pagefactory.DefaultElementLocator.findElement(DefaultElementLocator.java:69)
	at org.openqa.selenium.support.pagefactory.AjaxElementLocator.access$001(AjaxElementLocator.java:41)
	at org.openqa.selenium.support.pagefactory.AjaxElementLocator$SlowLoadingElement.isLoaded(AjaxElementLocator.java:157)
	at org.openqa.selenium.support.ui.SlowLoadableComponent.get(SlowLoadableComponent.java:70)
	at org.openqa.selenium.support.pagefactory.AjaxElementLocator.findElement(AjaxElementLocator.java:87)
	... 17 more
... Removed 14 stack frames</pre></div><a href='#' onClick='toggleBox("stack-trace2012305855", this, "Click to show all stack frames", "Click to hide stack frames")'>Click to show all stack frames</a>
<div class='stack-trace' id='stack-trace2012305855'><pre>org.openqa.selenium.NoSuchElementException: Timed out after 40 seconds. Unable to locate the element
For documentation on this error, please visit: http://seleniumhq.org/exceptions/no_such_element.html
Build info: version: &apos;2.48.2&apos;, revision: &apos;41bccdd10cf2c0560f637404c2d96164b67d9d67&apos;, time: &apos;2015-10-09 13:08:06&apos;
System info: host: &apos;Sarfaraj_Doni&apos;, ip: &apos;169.254.112.137&apos;, os.name: &apos;Windows 7&apos;, os.arch: &apos;amd64&apos;, os.version: &apos;6.1&apos;, java.version: &apos;1.7.0_71&apos;
Driver info: driver.version: unknown
	at org.openqa.selenium.support.pagefactory.AjaxElementLocator.findElement(AjaxElementLocator.java:91)
	at org.openqa.selenium.support.pagefactory.internal.LocatingElementHandler.invoke(LocatingElementHandler.java:38)
	at com.sun.proxy.$Proxy9.click(Unknown Source)
	at pageFactory.CM.EditCertificationPage.ClickOnDetailsLink(EditCertificationPage.java:417)
	at products.CM.EditProfileTest.EditProfile_ViewCertUpdateOnYourProfile(EditProfileTest.java:1036)
	at sun.reflect.NativeMethodAccessorImpl.invoke0(Native Method)
	at sun.reflect.NativeMethodAccessorImpl.invoke(NativeMethodAccessorImpl.java:57)
	at sun.reflect.DelegatingMethodAccessorImpl.invoke(DelegatingMethodAccessorImpl.java:43)
	at java.lang.reflect.Method.invoke(Method.java:606)
	at org.testng.internal.MethodInvocationHelper.invokeMethod(MethodInvocationHelper.java:84)
	at org.testng.internal.Invoker.invokeMethod(Invoker.java:714)
	at org.testng.internal.Invoker.invokeTestMethod(Invoker.java:901)
	at org.testng.internal.Invoker.invokeTestMethods(Invoker.java:1231)
	at org.testng.internal.TestMethodWorker.invokeTestMethods(TestMethodWorker.java:127)
	at org.testng.internal.TestMethodWorker.run(TestMethodWorker.java:111)
	at java.util.concurrent.ThreadPoolExecutor.runWorker(ThreadPoolExecutor.java:1145)
	at java.util.concurrent.ThreadPoolExecutor$Worker.run(ThreadPoolExecutor.java:615)
	at java.lang.Thread.run(Thread.java:745)
Caused by: org.openqa.selenium.NoSuchElementException: no such element: Unable to locate element: {&quot;method&quot;:&quot;css selector&quot;,&quot;selector&quot;:&quot;#activity-stream ul li:nth-of-type(1) div:nth-of-type(2) p button&quot;}
  (Session info: chrome=55.0.2883.87)
  (Driver info: chromedriver=2.24.417431 (9aea000394714d2fbb20850021f6204f2256b9cf),platform=Windows NT 6.1.7601 SP1 x86_64) (WARNING: The server did not provide any stacktrace information)
Command duration or timeout: 15.03 seconds
For documentation on this error, please visit: http://seleniumhq.org/exceptions/no_such_element.html
Build info: version: &apos;2.48.2&apos;, revision: &apos;41bccdd10cf2c0560f637404c2d96164b67d9d67&apos;, time: &apos;2015-10-09 13:08:06&apos;
System info: host: &apos;Sarfaraj_Doni&apos;, ip: &apos;169.254.112.137&apos;, os.name: &apos;Windows 7&apos;, os.arch: &apos;amd64&apos;, os.version: &apos;6.1&apos;, java.version: &apos;1.7.0_71&apos;
*** Element info: {Using=css selector, value=#activity-stream ul li:nth-of-type(1) div:nth-of-type(2) p button}
Session ID: 4800d8b67c0554a344ca3cdb31a71952
Driver info: org.openqa.selenium.chrome.ChromeDriver
Capabilities [{platform=XP, acceptSslCerts=true, javascriptEnabled=true, browserName=chrome, chrome={userDataDir=C:\Users\SARFAR~1\AppData\Local\Temp\scoped_dir6136_4164, chromedriverVersion=2.24.417431 (9aea000394714d2fbb20850021f6204f2256b9cf)}, networkConnectionEnabled=false, rotatable=false, locationContextEnabled=true, mobileEmulationEnabled=false, version=55.0.2883.87, pageLoadStrategy=normal, takesHeapSnapshot=true, cssSelectorsEnabled=true, databaseEnabled=false, handlesAlerts=true, browserConnectionEnabled=false, webStorageEnabled=true, nativeEvents=true, hasTouchScreen=false, applicationCacheEnabled=false, takesScreenshot=true}]
	at sun.reflect.NativeConstructorAccessorImpl.newInstance0(Native Method)
	at sun.reflect.NativeConstructorAccessorImpl.newInstance(NativeConstructorAccessorImpl.java:57)
	at sun.reflect.DelegatingConstructorAccessorImpl.newInstance(DelegatingConstructorAccessorImpl.java:45)
	at java.lang.reflect.Constructor.newInstance(Constructor.java:526)
	at org.openqa.selenium.remote.ErrorHandler.createThrowable(ErrorHandler.java:206)
	at org.openqa.selenium.remote.ErrorHandler.throwIfResponseFailed(ErrorHandler.java:158)
	at org.openqa.selenium.remote.RemoteWebDriver.execute(RemoteWebDriver.java:647)
	at org.openqa.selenium.remote.RemoteWebDriver.findElement(RemoteWebDriver.java:353)
	at org.openqa.selenium.remote.RemoteWebDriver.findElementByCssSelector(RemoteWebDriver.java:482)
	at org.openqa.selenium.By$ByCssSelector.findElement(By.java:430)
	at org.openqa.selenium.remote.RemoteWebDriver.findElement(RemoteWebDriver.java:345)
	at org.openqa.selenium.support.pagefactory.DefaultElementLocator.findElement(DefaultElementLocator.java:69)
	at org.openqa.selenium.support.pagefactory.AjaxElementLocator.access$001(AjaxElementLocator.java:41)
	at org.openqa.selenium.support.pagefactory.AjaxElementLocator$SlowLoadingElement.isLoaded(AjaxElementLocator.java:157)
	at org.openqa.selenium.support.ui.SlowLoadableComponent.get(SlowLoadableComponent.java:70)
	at org.openqa.selenium.support.pagefactory.AjaxElementLocator.findElement(AjaxElementLocator.java:87)
	... 17 more
</pre></div></td>
<td>190</td>
<td>products.CM.EditProfileTest@2cee5410</td></tr>
<tr>
<td title='products.CM.CertificationDetailsTest.HideAdditionalStudentInfo()'><b>HideAdditionalStudentInfo</b><br>Test class: products.CM.CertificationDetailsTest<br/>
<a href="#Output-1704379865" onClick='toggleBox("Output-1704379865", this, "Show output", "Hide output");'>Show output</a>

<a href="#Output-1704379865" onClick="toggleAllBoxes();">Show all outputs</a>
<div class='log' id="Output-1704379865">
====
Test 5 : Certification Details - Verify that user can hide additional student info.
====<br/>
Step 1 : Navigate to Login page : https://kps.staging.kalkomey.com/login<br/>
Step 2 : Login to the application and verify User is logged in successfully.<br/>
Success !! Login  message is displayed i.e. Signed in!<br/>
Step 3 : Go to certification details page (select jurisdication say PA , type :Boating while searching for certifications)<br/>
Step 4 : Click on 'Show more info' link and verify User should be able to see Additional details of the student<br/>
</div>
</td>
<td><div><pre>org.openqa.selenium.NoSuchElementException: no such element: Unable to locate element: {&quot;method&quot;:&quot;css selector&quot;,&quot;selector&quot;:&quot;#contact-info div:nth-of-type(3) dl:nth-of-type(1) dd&quot;}
  (Session info: chrome=55.0.2883.87)
  (Driver info: chromedriver=2.24.417431 (9aea000394714d2fbb20850021f6204f2256b9cf),platform=Windows NT 6.1.7601 SP1 x86_64) (WARNING: The server did not provide any stacktrace information)
Command duration or timeout: 15.03 seconds
For documentation on this error, please visit: http://seleniumhq.org/exceptions/no_such_element.html
Build info: version: &apos;2.48.2&apos;, revision: &apos;41bccdd10cf2c0560f637404c2d96164b67d9d67&apos;, time: &apos;2015-10-09 13:08:06&apos;
System info: host: &apos;Sarfaraj_Doni&apos;, ip: &apos;169.254.112.137&apos;, os.name: &apos;Windows 7&apos;, os.arch: &apos;amd64&apos;, os.version: &apos;6.1&apos;, java.version: &apos;1.7.0_71&apos;
*** Element info: {Using=css selector, value=#contact-info div:nth-of-type(3) dl:nth-of-type(1) dd}
Session ID: 80977603f36a6a054ad9ce21f7697bc8
Driver info: org.openqa.selenium.chrome.ChromeDriver
Capabilities [{platform=XP, acceptSslCerts=true, javascriptEnabled=true, browserName=chrome, chrome={userDataDir=C:\Users\SARFAR~1\AppData\Local\Temp\scoped_dir11704_27761, chromedriverVersion=2.24.417431 (9aea000394714d2fbb20850021f6204f2256b9cf)}, networkConnectionEnabled=false, rotatable=false, locationContextEnabled=true, mobileEmulationEnabled=false, version=55.0.2883.87, pageLoadStrategy=normal, takesHeapSnapshot=true, cssSelectorsEnabled=true, databaseEnabled=false, handlesAlerts=true, browserConnectionEnabled=false, webStorageEnabled=true, nativeEvents=true, hasTouchScreen=false, applicationCacheEnabled=false, takesScreenshot=true}]
	at org.openqa.selenium.remote.ErrorHandler.createThrowable(ErrorHandler.java:206)
	at org.openqa.selenium.remote.ErrorHandler.throwIfResponseFailed(ErrorHandler.java:158)
	at org.openqa.selenium.remote.RemoteWebDriver.execute(RemoteWebDriver.java:647)
	at org.openqa.selenium.remote.RemoteWebDriver.findElement(RemoteWebDriver.java:353)
	at org.openqa.selenium.remote.RemoteWebDriver.findElementByCssSelector(RemoteWebDriver.java:482)
	at org.openqa.selenium.By$ByCssSelector.findElement(By.java:430)
	at org.openqa.selenium.remote.RemoteWebDriver.findElement(RemoteWebDriver.java:345)
	at utility.SeleniumFunctions.GetElementText(SeleniumFunctions.java:178)
	at products.CM.CertificationDetailsTest.HideAdditionalStudentInfo(CertificationDetailsTest.java:773)
	at java.util.concurrent.ThreadPoolExecutor.runWorker(ThreadPoolExecutor.java:1145)
	at java.util.concurrent.ThreadPoolExecutor$Worker.run(ThreadPoolExecutor.java:615)
	at java.lang.Thread.run(Thread.java:745)
... Removed 13 stack frames</pre></div><a href='#' onClick='toggleBox("stack-trace1704379865", this, "Click to show all stack frames", "Click to hide stack frames")'>Click to show all stack frames</a>
<div class='stack-trace' id='stack-trace1704379865'><pre>org.openqa.selenium.NoSuchElementException: no such element: Unable to locate element: {&quot;method&quot;:&quot;css selector&quot;,&quot;selector&quot;:&quot;#contact-info div:nth-of-type(3) dl:nth-of-type(1) dd&quot;}
  (Session info: chrome=55.0.2883.87)
  (Driver info: chromedriver=2.24.417431 (9aea000394714d2fbb20850021f6204f2256b9cf),platform=Windows NT 6.1.7601 SP1 x86_64) (WARNING: The server did not provide any stacktrace information)
Command duration or timeout: 15.03 seconds
For documentation on this error, please visit: http://seleniumhq.org/exceptions/no_such_element.html
Build info: version: &apos;2.48.2&apos;, revision: &apos;41bccdd10cf2c0560f637404c2d96164b67d9d67&apos;, time: &apos;2015-10-09 13:08:06&apos;
System info: host: &apos;Sarfaraj_Doni&apos;, ip: &apos;169.254.112.137&apos;, os.name: &apos;Windows 7&apos;, os.arch: &apos;amd64&apos;, os.version: &apos;6.1&apos;, java.version: &apos;1.7.0_71&apos;
*** Element info: {Using=css selector, value=#contact-info div:nth-of-type(3) dl:nth-of-type(1) dd}
Session ID: 80977603f36a6a054ad9ce21f7697bc8
Driver info: org.openqa.selenium.chrome.ChromeDriver
Capabilities [{platform=XP, acceptSslCerts=true, javascriptEnabled=true, browserName=chrome, chrome={userDataDir=C:\Users\SARFAR~1\AppData\Local\Temp\scoped_dir11704_27761, chromedriverVersion=2.24.417431 (9aea000394714d2fbb20850021f6204f2256b9cf)}, networkConnectionEnabled=false, rotatable=false, locationContextEnabled=true, mobileEmulationEnabled=false, version=55.0.2883.87, pageLoadStrategy=normal, takesHeapSnapshot=true, cssSelectorsEnabled=true, databaseEnabled=false, handlesAlerts=true, browserConnectionEnabled=false, webStorageEnabled=true, nativeEvents=true, hasTouchScreen=false, applicationCacheEnabled=false, takesScreenshot=true}]
	at sun.reflect.GeneratedConstructorAccessor17.newInstance(Unknown Source)
	at sun.reflect.DelegatingConstructorAccessorImpl.newInstance(DelegatingConstructorAccessorImpl.java:45)
	at java.lang.reflect.Constructor.newInstance(Constructor.java:526)
	at org.openqa.selenium.remote.ErrorHandler.createThrowable(ErrorHandler.java:206)
	at org.openqa.selenium.remote.ErrorHandler.throwIfResponseFailed(ErrorHandler.java:158)
	at org.openqa.selenium.remote.RemoteWebDriver.execute(RemoteWebDriver.java:647)
	at org.openqa.selenium.remote.RemoteWebDriver.findElement(RemoteWebDriver.java:353)
	at org.openqa.selenium.remote.RemoteWebDriver.findElementByCssSelector(RemoteWebDriver.java:482)
	at org.openqa.selenium.By$ByCssSelector.findElement(By.java:430)
	at org.openqa.selenium.remote.RemoteWebDriver.findElement(RemoteWebDriver.java:345)
	at utility.SeleniumFunctions.GetElementText(SeleniumFunctions.java:178)
	at products.CM.CertificationDetailsTest.HideAdditionalStudentInfo(CertificationDetailsTest.java:773)
	at sun.reflect.NativeMethodAccessorImpl.invoke0(Native Method)
	at sun.reflect.NativeMethodAccessorImpl.invoke(NativeMethodAccessorImpl.java:57)
	at sun.reflect.DelegatingMethodAccessorImpl.invoke(DelegatingMethodAccessorImpl.java:43)
	at java.lang.reflect.Method.invoke(Method.java:606)
	at org.testng.internal.MethodInvocationHelper.invokeMethod(MethodInvocationHelper.java:84)
	at org.testng.internal.Invoker.invokeMethod(Invoker.java:714)
	at org.testng.internal.Invoker.invokeTestMethod(Invoker.java:901)
	at org.testng.internal.Invoker.invokeTestMethods(Invoker.java:1231)
	at org.testng.internal.TestMethodWorker.invokeTestMethods(TestMethodWorker.java:127)
	at org.testng.internal.TestMethodWorker.run(TestMethodWorker.java:111)
	at java.util.concurrent.ThreadPoolExecutor.runWorker(ThreadPoolExecutor.java:1145)
	at java.util.concurrent.ThreadPoolExecutor$Worker.run(ThreadPoolExecutor.java:615)
	at java.lang.Thread.run(Thread.java:745)
</pre></div></td>
<td>52</td>
<td>products.CM.CertificationDetailsTest@4a79d135</td></tr>
<tr>
<td title='products.CM.CertificationDetailsTest.SeeAdditionalStudentInfo()'><b>SeeAdditionalStudentInfo</b><br>Test class: products.CM.CertificationDetailsTest<br/>
<a href="#Output-1526974680" onClick='toggleBox("Output-1526974680", this, "Show output", "Hide output");'>Show output</a>

<a href="#Output-1526974680" onClick="toggleAllBoxes();">Show all outputs</a>
<div class='log' id="Output-1526974680">
====
Test 3 : Certification Details - Verify that user can see additional student info.
====<br/>
Step 1 : Navigate to Login page : https://kps.staging.kalkomey.com/login<br/>
Step 2 : Login to the application and verify User is logged in successfully.<br/>
Success !! Login  message is displayed i.e. Signed in!<br/>
Step 3 : Go to certification details page (select jurisdication say PA , type :Hunting while searching for certifications)<br/>
Step 4 :  Verify, User is on https://kps.kalkomey.com/certifications/<id><br/>
Success !!https://kps.staging.kalkomey.com/certifications is present<br/>
Step 5 : Click on 'Show more info' link and verify User should be able to see Additional details of the student<br/>
</div>
</td>
<td><div><pre>org.openqa.selenium.NoSuchElementException: Timed out after 40 seconds. Unable to locate the element
For documentation on this error, please visit: http://seleniumhq.org/exceptions/no_such_element.html
Build info: version: &apos;2.48.2&apos;, revision: &apos;41bccdd10cf2c0560f637404c2d96164b67d9d67&apos;, time: &apos;2015-10-09 13:08:06&apos;
System info: host: &apos;Sarfaraj_Doni&apos;, ip: &apos;169.254.112.137&apos;, os.name: &apos;Windows 7&apos;, os.arch: &apos;amd64&apos;, os.version: &apos;6.1&apos;, java.version: &apos;1.7.0_71&apos;
Driver info: driver.version: unknown
	at org.openqa.selenium.support.pagefactory.AjaxElementLocator.findElement(AjaxElementLocator.java:91)
	at org.openqa.selenium.support.pagefactory.internal.LocatingElementHandler.invoke(LocatingElementHandler.java:38)
	at com.sun.proxy.$Proxy9.click(Unknown Source)
	at pageFactory.CM.DetailsCertificationPage.ClickOnShowMoreInfo(DetailsCertificationPage.java:103)
	at products.CM.CertificationDetailsTest.SeeAdditionalStudentInfo(CertificationDetailsTest.java:465)
	at java.util.concurrent.ThreadPoolExecutor.runWorker(ThreadPoolExecutor.java:1145)
	at java.util.concurrent.ThreadPoolExecutor$Worker.run(ThreadPoolExecutor.java:615)
	at java.lang.Thread.run(Thread.java:745)
Caused by: org.openqa.selenium.NoSuchElementException: no such element: Unable to locate element: {&quot;method&quot;:&quot;css selector&quot;,&quot;selector&quot;:&quot;a.collapsible-toggler&quot;}
  (Session info: chrome=55.0.2883.87)
  (Driver info: chromedriver=2.24.417431 (9aea000394714d2fbb20850021f6204f2256b9cf),platform=Windows NT 6.1.7601 SP1 x86_64) (WARNING: The server did not provide any stacktrace information)
Command duration or timeout: 15.03 seconds
For documentation on this error, please visit: http://seleniumhq.org/exceptions/no_such_element.html
Build info: version: &apos;2.48.2&apos;, revision: &apos;41bccdd10cf2c0560f637404c2d96164b67d9d67&apos;, time: &apos;2015-10-09 13:08:06&apos;
System info: host: &apos;Sarfaraj_Doni&apos;, ip: &apos;169.254.112.137&apos;, os.name: &apos;Windows 7&apos;, os.arch: &apos;amd64&apos;, os.version: &apos;6.1&apos;, java.version: &apos;1.7.0_71&apos;
*** Element info: {Using=css selector, value=a.collapsible-toggler}
Session ID: 9018c9f0fb54a2784148c0dc9b0c4331
Driver info: org.openqa.selenium.chrome.ChromeDriver
Capabilities [{platform=XP, acceptSslCerts=true, javascriptEnabled=true, browserName=chrome, chrome={userDataDir=C:\Users\SARFAR~1\AppData\Local\Temp\scoped_dir11344_19848, chromedriverVersion=2.24.417431 (9aea000394714d2fbb20850021f6204f2256b9cf)}, networkConnectionEnabled=false, rotatable=false, locationContextEnabled=true, mobileEmulationEnabled=false, version=55.0.2883.87, pageLoadStrategy=normal, takesHeapSnapshot=true, cssSelectorsEnabled=true, databaseEnabled=false, handlesAlerts=true, browserConnectionEnabled=false, webStorageEnabled=true, nativeEvents=true, hasTouchScreen=false, applicationCacheEnabled=false, takesScreenshot=true}]
	at org.openqa.selenium.remote.ErrorHandler.createThrowable(ErrorHandler.java:206)
	at org.openqa.selenium.remote.ErrorHandler.throwIfResponseFailed(ErrorHandler.java:158)
	at org.openqa.selenium.remote.RemoteWebDriver.execute(RemoteWebDriver.java:647)
	at org.openqa.selenium.remote.RemoteWebDriver.findElement(RemoteWebDriver.java:353)
	at org.openqa.selenium.remote.RemoteWebDriver.findElementByCssSelector(RemoteWebDriver.java:482)
	at org.openqa.selenium.By$ByCssSelector.findElement(By.java:430)
	at org.openqa.selenium.remote.RemoteWebDriver.findElement(RemoteWebDriver.java:345)
	at org.openqa.selenium.support.pagefactory.DefaultElementLocator.findElement(DefaultElementLocator.java:69)
	at org.openqa.selenium.support.pagefactory.AjaxElementLocator.access$001(AjaxElementLocator.java:41)
	at org.openqa.selenium.support.pagefactory.AjaxElementLocator$SlowLoadingElement.isLoaded(AjaxElementLocator.java:157)
	at org.openqa.selenium.support.ui.SlowLoadableComponent.get(SlowLoadableComponent.java:70)
	at org.openqa.selenium.support.pagefactory.AjaxElementLocator.findElement(AjaxElementLocator.java:87)
	... 17 more
... Removed 13 stack frames</pre></div><a href='#' onClick='toggleBox("stack-trace1526974680", this, "Click to show all stack frames", "Click to hide stack frames")'>Click to show all stack frames</a>
<div class='stack-trace' id='stack-trace1526974680'><pre>org.openqa.selenium.NoSuchElementException: Timed out after 40 seconds. Unable to locate the element
For documentation on this error, please visit: http://seleniumhq.org/exceptions/no_such_element.html
Build info: version: &apos;2.48.2&apos;, revision: &apos;41bccdd10cf2c0560f637404c2d96164b67d9d67&apos;, time: &apos;2015-10-09 13:08:06&apos;
System info: host: &apos;Sarfaraj_Doni&apos;, ip: &apos;169.254.112.137&apos;, os.name: &apos;Windows 7&apos;, os.arch: &apos;amd64&apos;, os.version: &apos;6.1&apos;, java.version: &apos;1.7.0_71&apos;
Driver info: driver.version: unknown
	at org.openqa.selenium.support.pagefactory.AjaxElementLocator.findElement(AjaxElementLocator.java:91)
	at org.openqa.selenium.support.pagefactory.internal.LocatingElementHandler.invoke(LocatingElementHandler.java:38)
	at com.sun.proxy.$Proxy9.click(Unknown Source)
	at pageFactory.CM.DetailsCertificationPage.ClickOnShowMoreInfo(DetailsCertificationPage.java:103)
	at products.CM.CertificationDetailsTest.SeeAdditionalStudentInfo(CertificationDetailsTest.java:465)
	at sun.reflect.NativeMethodAccessorImpl.invoke0(Native Method)
	at sun.reflect.NativeMethodAccessorImpl.invoke(NativeMethodAccessorImpl.java:57)
	at sun.reflect.DelegatingMethodAccessorImpl.invoke(DelegatingMethodAccessorImpl.java:43)
	at java.lang.reflect.Method.invoke(Method.java:606)
	at org.testng.internal.MethodInvocationHelper.invokeMethod(MethodInvocationHelper.java:84)
	at org.testng.internal.Invoker.invokeMethod(Invoker.java:714)
	at org.testng.internal.Invoker.invokeTestMethod(Invoker.java:901)
	at org.testng.internal.Invoker.invokeTestMethods(Invoker.java:1231)
	at org.testng.internal.TestMethodWorker.invokeTestMethods(TestMethodWorker.java:127)
	at org.testng.internal.TestMethodWorker.run(TestMethodWorker.java:111)
	at java.util.concurrent.ThreadPoolExecutor.runWorker(ThreadPoolExecutor.java:1145)
	at java.util.concurrent.ThreadPoolExecutor$Worker.run(ThreadPoolExecutor.java:615)
	at java.lang.Thread.run(Thread.java:745)
Caused by: org.openqa.selenium.NoSuchElementException: no such element: Unable to locate element: {&quot;method&quot;:&quot;css selector&quot;,&quot;selector&quot;:&quot;a.collapsible-toggler&quot;}
  (Session info: chrome=55.0.2883.87)
  (Driver info: chromedriver=2.24.417431 (9aea000394714d2fbb20850021f6204f2256b9cf),platform=Windows NT 6.1.7601 SP1 x86_64) (WARNING: The server did not provide any stacktrace information)
Command duration or timeout: 15.03 seconds
For documentation on this error, please visit: http://seleniumhq.org/exceptions/no_such_element.html
Build info: version: &apos;2.48.2&apos;, revision: &apos;41bccdd10cf2c0560f637404c2d96164b67d9d67&apos;, time: &apos;2015-10-09 13:08:06&apos;
System info: host: &apos;Sarfaraj_Doni&apos;, ip: &apos;169.254.112.137&apos;, os.name: &apos;Windows 7&apos;, os.arch: &apos;amd64&apos;, os.version: &apos;6.1&apos;, java.version: &apos;1.7.0_71&apos;
*** Element info: {Using=css selector, value=a.collapsible-toggler}
Session ID: 9018c9f0fb54a2784148c0dc9b0c4331
Driver info: org.openqa.selenium.chrome.ChromeDriver
Capabilities [{platform=XP, acceptSslCerts=true, javascriptEnabled=true, browserName=chrome, chrome={userDataDir=C:\Users\SARFAR~1\AppData\Local\Temp\scoped_dir11344_19848, chromedriverVersion=2.24.417431 (9aea000394714d2fbb20850021f6204f2256b9cf)}, networkConnectionEnabled=false, rotatable=false, locationContextEnabled=true, mobileEmulationEnabled=false, version=55.0.2883.87, pageLoadStrategy=normal, takesHeapSnapshot=true, cssSelectorsEnabled=true, databaseEnabled=false, handlesAlerts=true, browserConnectionEnabled=false, webStorageEnabled=true, nativeEvents=true, hasTouchScreen=false, applicationCacheEnabled=false, takesScreenshot=true}]
	at sun.reflect.GeneratedConstructorAccessor17.newInstance(Unknown Source)
	at sun.reflect.DelegatingConstructorAccessorImpl.newInstance(DelegatingConstructorAccessorImpl.java:45)
	at java.lang.reflect.Constructor.newInstance(Constructor.java:526)
	at org.openqa.selenium.remote.ErrorHandler.createThrowable(ErrorHandler.java:206)
	at org.openqa.selenium.remote.ErrorHandler.throwIfResponseFailed(ErrorHandler.java:158)
	at org.openqa.selenium.remote.RemoteWebDriver.execute(RemoteWebDriver.java:647)
	at org.openqa.selenium.remote.RemoteWebDriver.findElement(RemoteWebDriver.java:353)
	at org.openqa.selenium.remote.RemoteWebDriver.findElementByCssSelector(RemoteWebDriver.java:482)
	at org.openqa.selenium.By$ByCssSelector.findElement(By.java:430)
	at org.openqa.selenium.remote.RemoteWebDriver.findElement(RemoteWebDriver.java:345)
	at org.openqa.selenium.support.pagefactory.DefaultElementLocator.findElement(DefaultElementLocator.java:69)
	at org.openqa.selenium.support.pagefactory.AjaxElementLocator.access$001(AjaxElementLocator.java:41)
	at org.openqa.selenium.support.pagefactory.AjaxElementLocator$SlowLoadingElement.isLoaded(AjaxElementLocator.java:157)
	at org.openqa.selenium.support.ui.SlowLoadableComponent.get(SlowLoadableComponent.java:70)
	at org.openqa.selenium.support.pagefactory.AjaxElementLocator.findElement(AjaxElementLocator.java:87)
	... 17 more
</pre></div></td>
<td>116</td>
<td>products.CM.CertificationDetailsTest@4a79d135</td></tr>
<tr>
<td title='products.CM.CertificationDetailsTest.StudentActivitylogDetils()'><b>StudentActivitylogDetils</b><br>Test class: products.CM.CertificationDetailsTest<br/>
<a href="#Output-497698669" onClick='toggleBox("Output-497698669", this, "Show output", "Hide output");'>Show output</a>

<a href="#Output-497698669" onClick="toggleAllBoxes();">Show all outputs</a>
<div class='log' id="Output-497698669">
====
Test 21 : Details Certification - Testing that quantity is added to a student's activity log when a card is ordered.
====<br/>
Step 1 : Navigate to Login page : https://kps.staging.kalkomey.com/login<br/>
Step 2 : Login with valid credentials<br/>
Step 3 : Search Certifications and navigate to user page<br/>
Step 4 : Verify user has naviagted to  particular student's certification page or not.<br/>
Success !! User is on cert. details screen<br/>
Step 5 : Order a certification<br/>
Step 6 : On the right in the activity log, you should see an action that says 'Replacement Certificate(s) Ordered' with Date-time stamp & agency user name link�and 'Quantity: #' with your selected quantity below.�<br/>
Success !! 'Replacement Certificate(s) Ordered' with Date-time stamp is displayed<br/>
Failure !!  Certificate 'Quantity: #' is not match with user selected quantity<br/>
</div>
</td>
<td><div><pre>org.openqa.selenium.NoSuchElementException: no such element: Unable to locate element: {&quot;method&quot;:&quot;css selector&quot;,&quot;selector&quot;:&quot;#activity-stream ul li:nth-of-type(1) div:nth-of-type(2) p a&quot;}
  (Session info: chrome=55.0.2883.87)
  (Driver info: chromedriver=2.24.417431 (9aea000394714d2fbb20850021f6204f2256b9cf),platform=Windows NT 6.1.7601 SP1 x86_64) (WARNING: The server did not provide any stacktrace information)
Command duration or timeout: 15.02 seconds
For documentation on this error, please visit: http://seleniumhq.org/exceptions/no_such_element.html
Build info: version: &apos;2.48.2&apos;, revision: &apos;41bccdd10cf2c0560f637404c2d96164b67d9d67&apos;, time: &apos;2015-10-09 13:08:06&apos;
System info: host: &apos;Sarfaraj_Doni&apos;, ip: &apos;169.254.112.137&apos;, os.name: &apos;Windows 7&apos;, os.arch: &apos;amd64&apos;, os.version: &apos;6.1&apos;, java.version: &apos;1.7.0_71&apos;
*** Element info: {Using=css selector, value=#activity-stream ul li:nth-of-type(1) div:nth-of-type(2) p a}
Session ID: 67f551c65033751fed94d15ab34030ba
Driver info: org.openqa.selenium.chrome.ChromeDriver
Capabilities [{platform=XP, acceptSslCerts=true, javascriptEnabled=true, browserName=chrome, chrome={userDataDir=C:\Users\SARFAR~1\AppData\Local\Temp\scoped_dir10956_2153, chromedriverVersion=2.24.417431 (9aea000394714d2fbb20850021f6204f2256b9cf)}, networkConnectionEnabled=false, rotatable=false, locationContextEnabled=true, mobileEmulationEnabled=false, version=55.0.2883.87, pageLoadStrategy=normal, takesHeapSnapshot=true, cssSelectorsEnabled=true, databaseEnabled=false, handlesAlerts=true, browserConnectionEnabled=false, webStorageEnabled=true, nativeEvents=true, hasTouchScreen=false, applicationCacheEnabled=false, takesScreenshot=true}]
	at org.openqa.selenium.remote.ErrorHandler.createThrowable(ErrorHandler.java:206)
	at org.openqa.selenium.remote.ErrorHandler.throwIfResponseFailed(ErrorHandler.java:158)
	at org.openqa.selenium.remote.RemoteWebDriver.execute(RemoteWebDriver.java:647)
	at org.openqa.selenium.remote.RemoteWebDriver.findElement(RemoteWebDriver.java:353)
	at org.openqa.selenium.remote.RemoteWebDriver.findElementByCssSelector(RemoteWebDriver.java:482)
	at org.openqa.selenium.By$ByCssSelector.findElement(By.java:430)
	at org.openqa.selenium.remote.RemoteWebDriver.findElement(RemoteWebDriver.java:345)
	at utility.SeleniumFunctions.GetAttributeValue(SeleniumFunctions.java:288)
	at products.CM.CertificationDetailsTest.StudentActivitylogDetils(CertificationDetailsTest.java:2604)
	at java.util.concurrent.ThreadPoolExecutor.runWorker(ThreadPoolExecutor.java:1145)
	at java.util.concurrent.ThreadPoolExecutor$Worker.run(ThreadPoolExecutor.java:615)
	at java.lang.Thread.run(Thread.java:745)
... Removed 13 stack frames</pre></div><a href='#' onClick='toggleBox("stack-trace497698669", this, "Click to show all stack frames", "Click to hide stack frames")'>Click to show all stack frames</a>
<div class='stack-trace' id='stack-trace497698669'><pre>org.openqa.selenium.NoSuchElementException: no such element: Unable to locate element: {&quot;method&quot;:&quot;css selector&quot;,&quot;selector&quot;:&quot;#activity-stream ul li:nth-of-type(1) div:nth-of-type(2) p a&quot;}
  (Session info: chrome=55.0.2883.87)
  (Driver info: chromedriver=2.24.417431 (9aea000394714d2fbb20850021f6204f2256b9cf),platform=Windows NT 6.1.7601 SP1 x86_64) (WARNING: The server did not provide any stacktrace information)
Command duration or timeout: 15.02 seconds
For documentation on this error, please visit: http://seleniumhq.org/exceptions/no_such_element.html
Build info: version: &apos;2.48.2&apos;, revision: &apos;41bccdd10cf2c0560f637404c2d96164b67d9d67&apos;, time: &apos;2015-10-09 13:08:06&apos;
System info: host: &apos;Sarfaraj_Doni&apos;, ip: &apos;169.254.112.137&apos;, os.name: &apos;Windows 7&apos;, os.arch: &apos;amd64&apos;, os.version: &apos;6.1&apos;, java.version: &apos;1.7.0_71&apos;
*** Element info: {Using=css selector, value=#activity-stream ul li:nth-of-type(1) div:nth-of-type(2) p a}
Session ID: 67f551c65033751fed94d15ab34030ba
Driver info: org.openqa.selenium.chrome.ChromeDriver
Capabilities [{platform=XP, acceptSslCerts=true, javascriptEnabled=true, browserName=chrome, chrome={userDataDir=C:\Users\SARFAR~1\AppData\Local\Temp\scoped_dir10956_2153, chromedriverVersion=2.24.417431 (9aea000394714d2fbb20850021f6204f2256b9cf)}, networkConnectionEnabled=false, rotatable=false, locationContextEnabled=true, mobileEmulationEnabled=false, version=55.0.2883.87, pageLoadStrategy=normal, takesHeapSnapshot=true, cssSelectorsEnabled=true, databaseEnabled=false, handlesAlerts=true, browserConnectionEnabled=false, webStorageEnabled=true, nativeEvents=true, hasTouchScreen=false, applicationCacheEnabled=false, takesScreenshot=true}]
	at sun.reflect.GeneratedConstructorAccessor17.newInstance(Unknown Source)
	at sun.reflect.DelegatingConstructorAccessorImpl.newInstance(DelegatingConstructorAccessorImpl.java:45)
	at java.lang.reflect.Constructor.newInstance(Constructor.java:526)
	at org.openqa.selenium.remote.ErrorHandler.createThrowable(ErrorHandler.java:206)
	at org.openqa.selenium.remote.ErrorHandler.throwIfResponseFailed(ErrorHandler.java:158)
	at org.openqa.selenium.remote.RemoteWebDriver.execute(RemoteWebDriver.java:647)
	at org.openqa.selenium.remote.RemoteWebDriver.findElement(RemoteWebDriver.java:353)
	at org.openqa.selenium.remote.RemoteWebDriver.findElementByCssSelector(RemoteWebDriver.java:482)
	at org.openqa.selenium.By$ByCssSelector.findElement(By.java:430)
	at org.openqa.selenium.remote.RemoteWebDriver.findElement(RemoteWebDriver.java:345)
	at utility.SeleniumFunctions.GetAttributeValue(SeleniumFunctions.java:288)
	at products.CM.CertificationDetailsTest.StudentActivitylogDetils(CertificationDetailsTest.java:2604)
	at sun.reflect.NativeMethodAccessorImpl.invoke0(Native Method)
	at sun.reflect.NativeMethodAccessorImpl.invoke(NativeMethodAccessorImpl.java:57)
	at sun.reflect.DelegatingMethodAccessorImpl.invoke(DelegatingMethodAccessorImpl.java:43)
	at java.lang.reflect.Method.invoke(Method.java:606)
	at org.testng.internal.MethodInvocationHelper.invokeMethod(MethodInvocationHelper.java:84)
	at org.testng.internal.Invoker.invokeMethod(Invoker.java:714)
	at org.testng.internal.Invoker.invokeTestMethod(Invoker.java:901)
	at org.testng.internal.Invoker.invokeTestMethods(Invoker.java:1231)
	at org.testng.internal.TestMethodWorker.invokeTestMethods(TestMethodWorker.java:127)
	at org.testng.internal.TestMethodWorker.run(TestMethodWorker.java:111)
	at java.util.concurrent.ThreadPoolExecutor.runWorker(ThreadPoolExecutor.java:1145)
	at java.util.concurrent.ThreadPoolExecutor$Worker.run(ThreadPoolExecutor.java:615)
	at java.lang.Thread.run(Thread.java:745)
</pre></div></td>
<td>142</td>
<td>products.CM.CertificationDetailsTest@4a79d135</td></tr>
<tr>
<td title='products.CM.RolesPermissionsTest.VerifyPermissionCanSendCourseCompletion()'><b>VerifyPermissionCanSendCourseCompletion</b><br>Test class: products.CM.RolesPermissionsTest<br/>
<a href="#Output-1368662290" onClick='toggleBox("Output-1368662290", this, "Show output", "Hide output");'>Show output</a>

<a href="#Output-1368662290" onClick="toggleAllBoxes();">Show all outputs</a>
<div class='log' id="Output-1368662290">
====
Test 10 : Role Permission  - Verify permission 'Can send course completion documents
====<br/>
Step 1 : Navigate to Login page : https://kps.staging.kalkomey.com/login<br/>
Step 2 : Enter valid login credentials and click on Login button.<br/>
Step 3 : Go to manage users > User > Edit account<br/>
</div>
</td>
<td><div><pre>org.openqa.selenium.NoSuchElementException: Timed out after 40 seconds. Unable to locate the element
For documentation on this error, please visit: http://seleniumhq.org/exceptions/no_such_element.html
Build info: version: &apos;2.48.2&apos;, revision: &apos;41bccdd10cf2c0560f637404c2d96164b67d9d67&apos;, time: &apos;2015-10-09 13:08:06&apos;
System info: host: &apos;Sarfaraj_Doni&apos;, ip: &apos;169.254.112.137&apos;, os.name: &apos;Windows 7&apos;, os.arch: &apos;amd64&apos;, os.version: &apos;6.1&apos;, java.version: &apos;1.7.0_71&apos;
Driver info: driver.version: unknown
	at org.openqa.selenium.support.pagefactory.AjaxElementLocator.findElement(AjaxElementLocator.java:91)
	at org.openqa.selenium.support.pagefactory.internal.LocatingElementHandler.invoke(LocatingElementHandler.java:38)
	at com.sun.proxy.$Proxy9.click(Unknown Source)
	at pageFactory.CM.CreateNewUserPage.Cliconusertoedit(CreateNewUserPage.java:295)
	at products.CM.RolesPermissionsTest.VerifyPermissionCanSendCourseCompletion(RolesPermissionsTest.java:1906)
	at java.util.concurrent.ThreadPoolExecutor.runWorker(ThreadPoolExecutor.java:1145)
	at java.util.concurrent.ThreadPoolExecutor$Worker.run(ThreadPoolExecutor.java:615)
	at java.lang.Thread.run(Thread.java:745)
Caused by: org.openqa.selenium.NoSuchElementException: no such element: Unable to locate element: {&quot;method&quot;:&quot;css selector&quot;,&quot;selector&quot;:&quot;section&gt;ol&gt;li:nth-of-type(1)&gt;header&gt;div&gt;h4&gt;a&quot;}
  (Session info: chrome=55.0.2883.87)
  (Driver info: chromedriver=2.24.417431 (9aea000394714d2fbb20850021f6204f2256b9cf),platform=Windows NT 6.1.7601 SP1 x86_64) (WARNING: The server did not provide any stacktrace information)
Command duration or timeout: 15.06 seconds
For documentation on this error, please visit: http://seleniumhq.org/exceptions/no_such_element.html
Build info: version: &apos;2.48.2&apos;, revision: &apos;41bccdd10cf2c0560f637404c2d96164b67d9d67&apos;, time: &apos;2015-10-09 13:08:06&apos;
System info: host: &apos;Sarfaraj_Doni&apos;, ip: &apos;169.254.112.137&apos;, os.name: &apos;Windows 7&apos;, os.arch: &apos;amd64&apos;, os.version: &apos;6.1&apos;, java.version: &apos;1.7.0_71&apos;
*** Element info: {Using=css selector, value=section&gt;ol&gt;li:nth-of-type(1)&gt;header&gt;div&gt;h4&gt;a}
Session ID: 0af397d895a091a27aceed3d1ef8d92c
Driver info: org.openqa.selenium.chrome.ChromeDriver
Capabilities [{platform=XP, acceptSslCerts=true, javascriptEnabled=true, browserName=chrome, chrome={userDataDir=C:\Users\SARFAR~1\AppData\Local\Temp\scoped_dir6156_18582, chromedriverVersion=2.24.417431 (9aea000394714d2fbb20850021f6204f2256b9cf)}, networkConnectionEnabled=false, rotatable=false, locationContextEnabled=true, mobileEmulationEnabled=false, version=55.0.2883.87, pageLoadStrategy=normal, takesHeapSnapshot=true, cssSelectorsEnabled=true, databaseEnabled=false, handlesAlerts=true, browserConnectionEnabled=false, webStorageEnabled=true, nativeEvents=true, hasTouchScreen=false, applicationCacheEnabled=false, takesScreenshot=true}]
	at org.openqa.selenium.remote.ErrorHandler.createThrowable(ErrorHandler.java:206)
	at org.openqa.selenium.remote.ErrorHandler.throwIfResponseFailed(ErrorHandler.java:158)
	at org.openqa.selenium.remote.RemoteWebDriver.execute(RemoteWebDriver.java:647)
	at org.openqa.selenium.remote.RemoteWebDriver.findElement(RemoteWebDriver.java:353)
	at org.openqa.selenium.remote.RemoteWebDriver.findElementByCssSelector(RemoteWebDriver.java:482)
	at org.openqa.selenium.By$ByCssSelector.findElement(By.java:430)
	at org.openqa.selenium.remote.RemoteWebDriver.findElement(RemoteWebDriver.java:345)
	at org.openqa.selenium.support.pagefactory.DefaultElementLocator.findElement(DefaultElementLocator.java:69)
	at org.openqa.selenium.support.pagefactory.AjaxElementLocator.access$001(AjaxElementLocator.java:41)
	at org.openqa.selenium.support.pagefactory.AjaxElementLocator$SlowLoadingElement.isLoaded(AjaxElementLocator.java:157)
	at org.openqa.selenium.support.ui.SlowLoadableComponent.get(SlowLoadableComponent.java:70)
	at org.openqa.selenium.support.pagefactory.AjaxElementLocator.findElement(AjaxElementLocator.java:87)
	... 17 more
... Removed 13 stack frames</pre></div><a href='#' onClick='toggleBox("stack-trace1368662290", this, "Click to show all stack frames", "Click to hide stack frames")'>Click to show all stack frames</a>
<div class='stack-trace' id='stack-trace1368662290'><pre>org.openqa.selenium.NoSuchElementException: Timed out after 40 seconds. Unable to locate the element
For documentation on this error, please visit: http://seleniumhq.org/exceptions/no_such_element.html
Build info: version: &apos;2.48.2&apos;, revision: &apos;41bccdd10cf2c0560f637404c2d96164b67d9d67&apos;, time: &apos;2015-10-09 13:08:06&apos;
System info: host: &apos;Sarfaraj_Doni&apos;, ip: &apos;169.254.112.137&apos;, os.name: &apos;Windows 7&apos;, os.arch: &apos;amd64&apos;, os.version: &apos;6.1&apos;, java.version: &apos;1.7.0_71&apos;
Driver info: driver.version: unknown
	at org.openqa.selenium.support.pagefactory.AjaxElementLocator.findElement(AjaxElementLocator.java:91)
	at org.openqa.selenium.support.pagefactory.internal.LocatingElementHandler.invoke(LocatingElementHandler.java:38)
	at com.sun.proxy.$Proxy9.click(Unknown Source)
	at pageFactory.CM.CreateNewUserPage.Cliconusertoedit(CreateNewUserPage.java:295)
	at products.CM.RolesPermissionsTest.VerifyPermissionCanSendCourseCompletion(RolesPermissionsTest.java:1906)
	at sun.reflect.NativeMethodAccessorImpl.invoke0(Native Method)
	at sun.reflect.NativeMethodAccessorImpl.invoke(NativeMethodAccessorImpl.java:57)
	at sun.reflect.DelegatingMethodAccessorImpl.invoke(DelegatingMethodAccessorImpl.java:43)
	at java.lang.reflect.Method.invoke(Method.java:606)
	at org.testng.internal.MethodInvocationHelper.invokeMethod(MethodInvocationHelper.java:84)
	at org.testng.internal.Invoker.invokeMethod(Invoker.java:714)
	at org.testng.internal.Invoker.invokeTestMethod(Invoker.java:901)
	at org.testng.internal.Invoker.invokeTestMethods(Invoker.java:1231)
	at org.testng.internal.TestMethodWorker.invokeTestMethods(TestMethodWorker.java:127)
	at org.testng.internal.TestMethodWorker.run(TestMethodWorker.java:111)
	at java.util.concurrent.ThreadPoolExecutor.runWorker(ThreadPoolExecutor.java:1145)
	at java.util.concurrent.ThreadPoolExecutor$Worker.run(ThreadPoolExecutor.java:615)
	at java.lang.Thread.run(Thread.java:745)
Caused by: org.openqa.selenium.NoSuchElementException: no such element: Unable to locate element: {&quot;method&quot;:&quot;css selector&quot;,&quot;selector&quot;:&quot;section&gt;ol&gt;li:nth-of-type(1)&gt;header&gt;div&gt;h4&gt;a&quot;}
  (Session info: chrome=55.0.2883.87)
  (Driver info: chromedriver=2.24.417431 (9aea000394714d2fbb20850021f6204f2256b9cf),platform=Windows NT 6.1.7601 SP1 x86_64) (WARNING: The server did not provide any stacktrace information)
Command duration or timeout: 15.06 seconds
For documentation on this error, please visit: http://seleniumhq.org/exceptions/no_such_element.html
Build info: version: &apos;2.48.2&apos;, revision: &apos;41bccdd10cf2c0560f637404c2d96164b67d9d67&apos;, time: &apos;2015-10-09 13:08:06&apos;
System info: host: &apos;Sarfaraj_Doni&apos;, ip: &apos;169.254.112.137&apos;, os.name: &apos;Windows 7&apos;, os.arch: &apos;amd64&apos;, os.version: &apos;6.1&apos;, java.version: &apos;1.7.0_71&apos;
*** Element info: {Using=css selector, value=section&gt;ol&gt;li:nth-of-type(1)&gt;header&gt;div&gt;h4&gt;a}
Session ID: 0af397d895a091a27aceed3d1ef8d92c
Driver info: org.openqa.selenium.chrome.ChromeDriver
Capabilities [{platform=XP, acceptSslCerts=true, javascriptEnabled=true, browserName=chrome, chrome={userDataDir=C:\Users\SARFAR~1\AppData\Local\Temp\scoped_dir6156_18582, chromedriverVersion=2.24.417431 (9aea000394714d2fbb20850021f6204f2256b9cf)}, networkConnectionEnabled=false, rotatable=false, locationContextEnabled=true, mobileEmulationEnabled=false, version=55.0.2883.87, pageLoadStrategy=normal, takesHeapSnapshot=true, cssSelectorsEnabled=true, databaseEnabled=false, handlesAlerts=true, browserConnectionEnabled=false, webStorageEnabled=true, nativeEvents=true, hasTouchScreen=false, applicationCacheEnabled=false, takesScreenshot=true}]
	at sun.reflect.GeneratedConstructorAccessor17.newInstance(Unknown Source)
	at sun.reflect.DelegatingConstructorAccessorImpl.newInstance(DelegatingConstructorAccessorImpl.java:45)
	at java.lang.reflect.Constructor.newInstance(Constructor.java:526)
	at org.openqa.selenium.remote.ErrorHandler.createThrowable(ErrorHandler.java:206)
	at org.openqa.selenium.remote.ErrorHandler.throwIfResponseFailed(ErrorHandler.java:158)
	at org.openqa.selenium.remote.RemoteWebDriver.execute(RemoteWebDriver.java:647)
	at org.openqa.selenium.remote.RemoteWebDriver.findElement(RemoteWebDriver.java:353)
	at org.openqa.selenium.remote.RemoteWebDriver.findElementByCssSelector(RemoteWebDriver.java:482)
	at org.openqa.selenium.By$ByCssSelector.findElement(By.java:430)
	at org.openqa.selenium.remote.RemoteWebDriver.findElement(RemoteWebDriver.java:345)
	at org.openqa.selenium.support.pagefactory.DefaultElementLocator.findElement(DefaultElementLocator.java:69)
	at org.openqa.selenium.support.pagefactory.AjaxElementLocator.access$001(AjaxElementLocator.java:41)
	at org.openqa.selenium.support.pagefactory.AjaxElementLocator$SlowLoadingElement.isLoaded(AjaxElementLocator.java:157)
	at org.openqa.selenium.support.ui.SlowLoadableComponent.get(SlowLoadableComponent.java:70)
	at org.openqa.selenium.support.pagefactory.AjaxElementLocator.findElement(AjaxElementLocator.java:87)
	... 17 more
</pre></div></td>
<td>105</td>
<td>products.CM.RolesPermissionsTest@6d7300f9</td></tr>
<tr>
<td title='products.CM.CertificationActivityTest.VerifySupporText()'><b>VerifySupporText</b><br>Test class: products.CM.CertificationActivityTest<br/>
<a href="#Output-742562655" onClick='toggleBox("Output-742562655", this, "Show output", "Hide output");'>Show output</a>

<a href="#Output-742562655" onClick="toggleAllBoxes();">Show all outputs</a>
<div class='log' id="Output-742562655">
====
Test 11 : Verify all the activity gets logged
====<br/>
Step 1 : Navigate to ILMC Application : https://citizen-portal.staging.kalkomey.com/<br/>
Step 2 : Select state and course and go to search page<br/>
Step 3 : Enter valid record and go to certification page<br/>
Step 4 : Verify user can place order successfully<br/>
Success !! Order placed successfully. i.e. The payment was successfully processed.<br/>
Success !! Correct Support Text is displayed. i.e. Your receipt and temporary certificate have been emailed to you. You may print your temporary certificate for use until your permanent card arrives. If you have any problems, you may contact Kalkomey customer service at support@ilostmycard.com or by calling 800-830-2268.<br/>
Step 6 :  Login As  Admin  User and navigating to Certification page<br/>
Step 7 : Verify Able to Search <br/>
Success !! Certification manager icon is present in the header<br/>
Success !!  Student  Info TextBox is present<br/>
Success !!  Edit Tabis present<br/>
Step 8 : Verify Admin is Able to Edit UserDetails<br/>
</div>
</td>
<td><div><pre>org.openqa.selenium.NoSuchElementException: no such element: Unable to locate element: {&quot;method&quot;:&quot;css selector&quot;,&quot;selector&quot;:&quot;#activity-stream ul li:nth-of-type(1) div:nth-of-type(2) h1&quot;}
  (Session info: chrome=55.0.2883.87)
  (Driver info: chromedriver=2.24.417431 (9aea000394714d2fbb20850021f6204f2256b9cf),platform=Windows NT 6.1.7601 SP1 x86_64) (WARNING: The server did not provide any stacktrace information)
Command duration or timeout: 15.03 seconds
For documentation on this error, please visit: http://seleniumhq.org/exceptions/no_such_element.html
Build info: version: &apos;2.48.2&apos;, revision: &apos;41bccdd10cf2c0560f637404c2d96164b67d9d67&apos;, time: &apos;2015-10-09 13:08:06&apos;
System info: host: &apos;Sarfaraj_Doni&apos;, ip: &apos;169.254.112.137&apos;, os.name: &apos;Windows 7&apos;, os.arch: &apos;amd64&apos;, os.version: &apos;6.1&apos;, java.version: &apos;1.7.0_71&apos;
*** Element info: {Using=css selector, value=#activity-stream ul li:nth-of-type(1) div:nth-of-type(2) h1}
Session ID: 1fa8aa5eb188ee99230e60586a3562cd
Driver info: org.openqa.selenium.chrome.ChromeDriver
Capabilities [{platform=XP, acceptSslCerts=true, javascriptEnabled=true, browserName=chrome, chrome={userDataDir=C:\Users\SARFAR~1\AppData\Local\Temp\scoped_dir9364_10843, chromedriverVersion=2.24.417431 (9aea000394714d2fbb20850021f6204f2256b9cf)}, networkConnectionEnabled=false, rotatable=false, locationContextEnabled=true, mobileEmulationEnabled=false, version=55.0.2883.87, pageLoadStrategy=normal, takesHeapSnapshot=true, cssSelectorsEnabled=true, databaseEnabled=false, handlesAlerts=true, browserConnectionEnabled=false, webStorageEnabled=true, nativeEvents=true, hasTouchScreen=false, applicationCacheEnabled=false, takesScreenshot=true}]
	at org.openqa.selenium.remote.ErrorHandler.createThrowable(ErrorHandler.java:206)
	at org.openqa.selenium.remote.ErrorHandler.throwIfResponseFailed(ErrorHandler.java:158)
	at org.openqa.selenium.remote.RemoteWebDriver.execute(RemoteWebDriver.java:647)
	at org.openqa.selenium.remote.RemoteWebDriver.findElement(RemoteWebDriver.java:353)
	at org.openqa.selenium.remote.RemoteWebDriver.findElementByCssSelector(RemoteWebDriver.java:482)
	at org.openqa.selenium.By$ByCssSelector.findElement(By.java:430)
	at org.openqa.selenium.remote.RemoteWebDriver.findElement(RemoteWebDriver.java:345)
	at utility.SeleniumFunctions.GetElementText(SeleniumFunctions.java:178)
	at products.CM.CertificationActivityTest.VerifySupporText(CertificationActivityTest.java:1467)
	at java.util.concurrent.ThreadPoolExecutor.runWorker(ThreadPoolExecutor.java:1145)
	at java.util.concurrent.ThreadPoolExecutor$Worker.run(ThreadPoolExecutor.java:615)
	at java.lang.Thread.run(Thread.java:745)
... Removed 14 stack frames</pre></div><a href='#' onClick='toggleBox("stack-trace742562655", this, "Click to show all stack frames", "Click to hide stack frames")'>Click to show all stack frames</a>
<div class='stack-trace' id='stack-trace742562655'><pre>org.openqa.selenium.NoSuchElementException: no such element: Unable to locate element: {&quot;method&quot;:&quot;css selector&quot;,&quot;selector&quot;:&quot;#activity-stream ul li:nth-of-type(1) div:nth-of-type(2) h1&quot;}
  (Session info: chrome=55.0.2883.87)
  (Driver info: chromedriver=2.24.417431 (9aea000394714d2fbb20850021f6204f2256b9cf),platform=Windows NT 6.1.7601 SP1 x86_64) (WARNING: The server did not provide any stacktrace information)
Command duration or timeout: 15.03 seconds
For documentation on this error, please visit: http://seleniumhq.org/exceptions/no_such_element.html
Build info: version: &apos;2.48.2&apos;, revision: &apos;41bccdd10cf2c0560f637404c2d96164b67d9d67&apos;, time: &apos;2015-10-09 13:08:06&apos;
System info: host: &apos;Sarfaraj_Doni&apos;, ip: &apos;169.254.112.137&apos;, os.name: &apos;Windows 7&apos;, os.arch: &apos;amd64&apos;, os.version: &apos;6.1&apos;, java.version: &apos;1.7.0_71&apos;
*** Element info: {Using=css selector, value=#activity-stream ul li:nth-of-type(1) div:nth-of-type(2) h1}
Session ID: 1fa8aa5eb188ee99230e60586a3562cd
Driver info: org.openqa.selenium.chrome.ChromeDriver
Capabilities [{platform=XP, acceptSslCerts=true, javascriptEnabled=true, browserName=chrome, chrome={userDataDir=C:\Users\SARFAR~1\AppData\Local\Temp\scoped_dir9364_10843, chromedriverVersion=2.24.417431 (9aea000394714d2fbb20850021f6204f2256b9cf)}, networkConnectionEnabled=false, rotatable=false, locationContextEnabled=true, mobileEmulationEnabled=false, version=55.0.2883.87, pageLoadStrategy=normal, takesHeapSnapshot=true, cssSelectorsEnabled=true, databaseEnabled=false, handlesAlerts=true, browserConnectionEnabled=false, webStorageEnabled=true, nativeEvents=true, hasTouchScreen=false, applicationCacheEnabled=false, takesScreenshot=true}]
	at sun.reflect.NativeConstructorAccessorImpl.newInstance0(Native Method)
	at sun.reflect.NativeConstructorAccessorImpl.newInstance(NativeConstructorAccessorImpl.java:57)
	at sun.reflect.DelegatingConstructorAccessorImpl.newInstance(DelegatingConstructorAccessorImpl.java:45)
	at java.lang.reflect.Constructor.newInstance(Constructor.java:526)
	at org.openqa.selenium.remote.ErrorHandler.createThrowable(ErrorHandler.java:206)
	at org.openqa.selenium.remote.ErrorHandler.throwIfResponseFailed(ErrorHandler.java:158)
	at org.openqa.selenium.remote.RemoteWebDriver.execute(RemoteWebDriver.java:647)
	at org.openqa.selenium.remote.RemoteWebDriver.findElement(RemoteWebDriver.java:353)
	at org.openqa.selenium.remote.RemoteWebDriver.findElementByCssSelector(RemoteWebDriver.java:482)
	at org.openqa.selenium.By$ByCssSelector.findElement(By.java:430)
	at org.openqa.selenium.remote.RemoteWebDriver.findElement(RemoteWebDriver.java:345)
	at utility.SeleniumFunctions.GetElementText(SeleniumFunctions.java:178)
	at products.CM.CertificationActivityTest.VerifySupporText(CertificationActivityTest.java:1467)
	at sun.reflect.NativeMethodAccessorImpl.invoke0(Native Method)
	at sun.reflect.NativeMethodAccessorImpl.invoke(NativeMethodAccessorImpl.java:57)
	at sun.reflect.DelegatingMethodAccessorImpl.invoke(DelegatingMethodAccessorImpl.java:43)
	at java.lang.reflect.Method.invoke(Method.java:606)
	at org.testng.internal.MethodInvocationHelper.invokeMethod(MethodInvocationHelper.java:84)
	at org.testng.internal.Invoker.invokeMethod(Invoker.java:714)
	at org.testng.internal.Invoker.invokeTestMethod(Invoker.java:901)
	at org.testng.internal.Invoker.invokeTestMethods(Invoker.java:1231)
	at org.testng.internal.TestMethodWorker.invokeTestMethods(TestMethodWorker.java:127)
	at org.testng.internal.TestMethodWorker.run(TestMethodWorker.java:111)
	at java.util.concurrent.ThreadPoolExecutor.runWorker(ThreadPoolExecutor.java:1145)
	at java.util.concurrent.ThreadPoolExecutor$Worker.run(ThreadPoolExecutor.java:615)
	at java.lang.Thread.run(Thread.java:745)
</pre></div></td>
<td>141</td>
<td>products.CM.CertificationActivityTest@c62d2ab</td></tr>
<tr>
<td title='products.CM.USPSValidationTest.VerifyValidationEditAddress()'><b>VerifyValidationEditAddress</b><br>Test class: products.CM.USPSValidationTest<br/>
<a href="#Output-2059942471" onClick='toggleBox("Output-2059942471", this, "Show output", "Hide output");'>Show output</a>

<a href="#Output-2059942471" onClick="toggleAllBoxes();">Show all outputs</a>
<div class='log' id="Output-2059942471">
====
Test 1 : Verify ILMC USPS Address Validation
====<br/>
Step 1 : Navigate to ILMC Application : https://citizen-portal.staging.kalkomey.com/<br/>
Step 2 : Select state and course and go to search page<br/>
Step 3 : Enter valid record and go to certification page<br/>
Step 4 : Verify USPS validation is displayed for mailing address<br/>
Success !! USPS validation is displayed for mailing address. i.e. We had trouble verifying your mailing address. If it is incorrect, please correct it.<br/>
</div>
</td>
<td><div><pre>org.openqa.selenium.ElementNotVisibleException: element not visible
  (Session info: chrome=55.0.2883.87)
  (Driver info: chromedriver=2.24.417431 (9aea000394714d2fbb20850021f6204f2256b9cf),platform=Windows NT 6.1.7601 SP1 x86_64) (WARNING: The server did not provide any stacktrace information)
Command duration or timeout: 37 milliseconds
Build info: version: &apos;2.48.2&apos;, revision: &apos;41bccdd10cf2c0560f637404c2d96164b67d9d67&apos;, time: &apos;2015-10-09 13:08:06&apos;
System info: host: &apos;Sarfaraj_Doni&apos;, ip: &apos;169.254.112.137&apos;, os.name: &apos;Windows 7&apos;, os.arch: &apos;amd64&apos;, os.version: &apos;6.1&apos;, java.version: &apos;1.7.0_71&apos;
Session ID: 1a51f300b41cb2781d3722989bb6d162
Driver info: org.openqa.selenium.chrome.ChromeDriver
Capabilities [{platform=XP, acceptSslCerts=true, javascriptEnabled=true, browserName=chrome, chrome={userDataDir=C:\Users\SARFAR~1\AppData\Local\Temp\scoped_dir12136_31039, chromedriverVersion=2.24.417431 (9aea000394714d2fbb20850021f6204f2256b9cf)}, networkConnectionEnabled=false, rotatable=false, locationContextEnabled=true, mobileEmulationEnabled=false, version=55.0.2883.87, pageLoadStrategy=normal, takesHeapSnapshot=true, cssSelectorsEnabled=true, databaseEnabled=false, handlesAlerts=true, browserConnectionEnabled=false, webStorageEnabled=true, nativeEvents=true, hasTouchScreen=false, applicationCacheEnabled=false, takesScreenshot=true}]
	at org.openqa.selenium.remote.ErrorHandler.createThrowable(ErrorHandler.java:206)
	at org.openqa.selenium.remote.ErrorHandler.throwIfResponseFailed(ErrorHandler.java:158)
	at org.openqa.selenium.remote.RemoteWebDriver.execute(RemoteWebDriver.java:647)
	at org.openqa.selenium.remote.RemoteWebElement.execute(RemoteWebElement.java:326)
	at org.openqa.selenium.remote.RemoteWebElement.click(RemoteWebElement.java:84)
	at org.openqa.selenium.support.pagefactory.internal.LocatingElementHandler.invoke(LocatingElementHandler.java:51)
	at com.sun.proxy.$Proxy9.click(Unknown Source)
	at products.CM.USPSValidationTest.VerifyValidationEditAddress(USPSValidationTest.java:139)
	at java.util.concurrent.ThreadPoolExecutor.runWorker(ThreadPoolExecutor.java:1145)
	at java.util.concurrent.ThreadPoolExecutor$Worker.run(ThreadPoolExecutor.java:615)
	at java.lang.Thread.run(Thread.java:745)
... Removed 17 stack frames</pre></div><a href='#' onClick='toggleBox("stack-trace2059942471", this, "Click to show all stack frames", "Click to hide stack frames")'>Click to show all stack frames</a>
<div class='stack-trace' id='stack-trace2059942471'><pre>org.openqa.selenium.ElementNotVisibleException: element not visible
  (Session info: chrome=55.0.2883.87)
  (Driver info: chromedriver=2.24.417431 (9aea000394714d2fbb20850021f6204f2256b9cf),platform=Windows NT 6.1.7601 SP1 x86_64) (WARNING: The server did not provide any stacktrace information)
Command duration or timeout: 37 milliseconds
Build info: version: &apos;2.48.2&apos;, revision: &apos;41bccdd10cf2c0560f637404c2d96164b67d9d67&apos;, time: &apos;2015-10-09 13:08:06&apos;
System info: host: &apos;Sarfaraj_Doni&apos;, ip: &apos;169.254.112.137&apos;, os.name: &apos;Windows 7&apos;, os.arch: &apos;amd64&apos;, os.version: &apos;6.1&apos;, java.version: &apos;1.7.0_71&apos;
Session ID: 1a51f300b41cb2781d3722989bb6d162
Driver info: org.openqa.selenium.chrome.ChromeDriver
Capabilities [{platform=XP, acceptSslCerts=true, javascriptEnabled=true, browserName=chrome, chrome={userDataDir=C:\Users\SARFAR~1\AppData\Local\Temp\scoped_dir12136_31039, chromedriverVersion=2.24.417431 (9aea000394714d2fbb20850021f6204f2256b9cf)}, networkConnectionEnabled=false, rotatable=false, locationContextEnabled=true, mobileEmulationEnabled=false, version=55.0.2883.87, pageLoadStrategy=normal, takesHeapSnapshot=true, cssSelectorsEnabled=true, databaseEnabled=false, handlesAlerts=true, browserConnectionEnabled=false, webStorageEnabled=true, nativeEvents=true, hasTouchScreen=false, applicationCacheEnabled=false, takesScreenshot=true}]
	at sun.reflect.NativeConstructorAccessorImpl.newInstance0(Native Method)
	at sun.reflect.NativeConstructorAccessorImpl.newInstance(NativeConstructorAccessorImpl.java:57)
	at sun.reflect.DelegatingConstructorAccessorImpl.newInstance(DelegatingConstructorAccessorImpl.java:45)
	at java.lang.reflect.Constructor.newInstance(Constructor.java:526)
	at org.openqa.selenium.remote.ErrorHandler.createThrowable(ErrorHandler.java:206)
	at org.openqa.selenium.remote.ErrorHandler.throwIfResponseFailed(ErrorHandler.java:158)
	at org.openqa.selenium.remote.RemoteWebDriver.execute(RemoteWebDriver.java:647)
	at org.openqa.selenium.remote.RemoteWebElement.execute(RemoteWebElement.java:326)
	at org.openqa.selenium.remote.RemoteWebElement.click(RemoteWebElement.java:84)
	at sun.reflect.GeneratedMethodAccessor14.invoke(Unknown Source)
	at sun.reflect.DelegatingMethodAccessorImpl.invoke(DelegatingMethodAccessorImpl.java:43)
	at java.lang.reflect.Method.invoke(Method.java:606)
	at org.openqa.selenium.support.pagefactory.internal.LocatingElementHandler.invoke(LocatingElementHandler.java:51)
	at com.sun.proxy.$Proxy9.click(Unknown Source)
	at products.CM.USPSValidationTest.VerifyValidationEditAddress(USPSValidationTest.java:139)
	at sun.reflect.NativeMethodAccessorImpl.invoke0(Native Method)
	at sun.reflect.NativeMethodAccessorImpl.invoke(NativeMethodAccessorImpl.java:57)
	at sun.reflect.DelegatingMethodAccessorImpl.invoke(DelegatingMethodAccessorImpl.java:43)
	at java.lang.reflect.Method.invoke(Method.java:606)
	at org.testng.internal.MethodInvocationHelper.invokeMethod(MethodInvocationHelper.java:84)
	at org.testng.internal.Invoker.invokeMethod(Invoker.java:714)
	at org.testng.internal.Invoker.invokeTestMethod(Invoker.java:901)
	at org.testng.internal.Invoker.invokeTestMethods(Invoker.java:1231)
	at org.testng.internal.TestMethodWorker.invokeTestMethods(TestMethodWorker.java:127)
	at org.testng.internal.TestMethodWorker.run(TestMethodWorker.java:111)
	at java.util.concurrent.ThreadPoolExecutor.runWorker(ThreadPoolExecutor.java:1145)
	at java.util.concurrent.ThreadPoolExecutor$Worker.run(ThreadPoolExecutor.java:615)
	at java.lang.Thread.run(Thread.java:745)
</pre></div></td>
<td>34</td>
<td>products.CM.USPSValidationTest@6fd56e03</td></tr>
</table><p>
<table width='100%' border='1' class='invocation-passed'>
<tr><td colspan='4' align='center'><b>PASSED TESTS</b></td></tr>
<tr><td><b>Test method</b></td>
<td width="30%"><b>Exception</b></td>
<td width="10%"><b>Time (seconds)</b></td>
<td><b>Instance</b></td>
</tr>
<tr>
<td title='products.CM.AgencyImporterTest.AgencyImportUnauthorizedUser()'><b>AgencyImportUnauthorizedUser</b><br>Test class: products.CM.AgencyImporterTest<br/>
<a href="#Output-2048070061" onClick='toggleBox("Output-2048070061", this, "Show output", "Hide output");'>Show output</a>

<a href="#Output-2048070061" onClick="toggleAllBoxes();">Show all outputs</a>
<div class='log' id="Output-2048070061">
====
Test 3 : Verify agency importer functionality with Unauthorized User
====<br/>
Step 1 : Navigate to Login page : https://kps.staging.kalkomey.com/login<br/>
Step 2 : Login to application<br/>
Step 3 : Navigate to agency importer and verify error message for unauthorized user<br/>
Success !! User is not authorized. i.e. You are not authorized to look at this page.<br/>
</div>
</td>
<td></td>
<td>32</td>
<td>products.CM.AgencyImporterTest@7b527b7a</td></tr>
<tr>
<td title='products.CM.CertificationDetailsTest.CertificanInfoDetails()'><b>CertificanInfoDetails</b><br>Test class: products.CM.CertificationDetailsTest<br/>
<a href="#Output-626077030" onClick='toggleBox("Output-626077030", this, "Show output", "Hide output");'>Show output</a>

<a href="#Output-626077030" onClick="toggleAllBoxes();">Show all outputs</a>
<div class='log' id="Output-626077030">
====
Test 7 : Certification Details - Verify elements on Certificate info details section
====<br/>
Step 1 : Navigate to Login page : https://kps.staging.kalkomey.com/login<br/>
Step 2 : Login with valid credentials<br/>
Step 3 : Search Certifications and navigate to certification details page<br/>
Step 4 : Verify elements on Certificate info details section <br/>
Success !! Agency name text  is present<br/>
Success !! Certificate Collection name text  is present<br/>
Success !! Certificate Status text is present<br/>
Success !! Certification Date Text is present<br/>
Success !! Certification ID Text is present<br/>
Success !! Certification Origin Text is present<br/>
Success !! Last Issued  Date Text is present<br/>
Success !! Certification Preview is present<br/>
Success !! Certification Preview is present<br/>
Success !! Show More Information Textis present<br/>
</div>
</td>
<td></td>
<td>46</td>
<td>products.CM.CertificationDetailsTest@4a79d135</td></tr>
<tr>
<td title='products.CM.CertificationActivityTest.CertificationActivityDetails()'><b>CertificationActivityDetails</b><br>Test class: products.CM.CertificationActivityTest<br/>
<a href="#Output-383124839" onClick='toggleBox("Output-383124839", this, "Show output", "Hide output");'>Show output</a>

<a href="#Output-383124839" onClick="toggleAllBoxes();">Show all outputs</a>
<div class='log' id="Output-383124839">
====
Test 9 : User's page: test that on page load, individual activity log items' details are hidden and that you are able to view each that has a 'Details' button. Not every item should have a 'Details' button.
====<br/>
Step 1 : Navigate to Login page : https://kps.staging.kalkomey.com/login<br/>
Step 2 : Login to application <br/>
Step 3 : Look for the Activity Log on the right hand side of the page titled 'Activity'.  and verify You should see a list of activity items below the activity log.<br/>
Success !! List of activity items are displayed below the activity log.<br/>
Success !! Activity details items are 'collapsed',<br/>
Step 4 : Click on any action that has a 'Details' button/link and user see more details to the action slide down, below the link. <br/>
Success !! User see more details to the action slide down, below the link.<br/>
Step 5 : Click the same detail button and verify same details that previously were revealed should be hidden again.<br/>
Success !! Activity details items are 'collapsed',<br/>
</div>
</td>
<td></td>
<td>183</td>
<td>products.CM.CertificationActivityTest@c62d2ab</td></tr>
<tr>
<td title='products.CM.EditProfileTest.EditProfile_Edit()'><b>EditProfile_Edit</b><br>Test class: products.CM.EditProfileTest<br/>
<a href="#Output-74832047" onClick='toggleBox("Output-74832047", this, "Show output", "Hide output");'>Show output</a>

<a href="#Output-74832047" onClick="toggleAllBoxes();">Show all outputs</a>
<div class='log' id="Output-74832047">
====
Test 2 : Edit Profile - Verify that user can edit details
====<br/>
Step 1 : Navigate to Login page : https://kps.staging.kalkomey.com/login<br/>
Step 2 : Login to application and navigating to User Profile > Edit page<br/>
Step 3 : On Edit page, editing Name<br/>
Success !! Name is updated on Profile page<br/>
</div>
</td>
<td></td>
<td>181</td>
<td>products.CM.EditProfileTest@2cee5410</td></tr>
<tr>
<td title='products.CM.CertificationDetailsTest.PaymentBypassInfo()'><b>PaymentBypassInfo</b><br>Test class: products.CM.CertificationDetailsTest<br/>
<a href="#Output-1558835238" onClick='toggleBox("Output-1558835238", this, "Show output", "Hide output");'>Show output</a>

<a href="#Output-1558835238" onClick="toggleAllBoxes();">Show all outputs</a>
<div class='log' id="Output-1558835238">
====
Test 4 : Expose payment bypass info in edit activity log
====<br/>
Step 1 : Navigate to Login page : https://kps.staging.kalkomey.com/login<br/>
Step 2 : Login with valid credentials<br/>
Step 3 : Go to certification details page (select jurisdication say PA , type :hunting while searching for certifications)<br/>
Step 4 : Verify User should be able to search the certification<br/>
Success !! User is able to search the certification<br/>
Step 5 : Click on Order Replacement Certificate and verify User is able to successfully place an order<br/>
Success !! User has successfully place an order<br/>
Step 6 : Perform a payment bypass, choose any reason and enter comments<br/>
Step 7 : Verify Bypass payment is working or not.<br/>
Success !!  Payment has been bypassed for this certification order Text is present<br/>
Step 8 : Go back to the certification page<br/>
Step 9 : Verify   Activity for bypass payment is appear��as well as the payment bypass or not.<br/>
Success !!  Activity for bypass payment is appear��as well as the payment bypass<br/>
</div>
</td>
<td></td>
<td>70</td>
<td>products.CM.CertificationDetailsTest@4a79d135</td></tr>
<tr>
<td title='products.CM.ReportTest.RedirectReportsPage()'><b>RedirectReportsPage</b><br>Test class: products.CM.ReportTest<br/>
<a href="#Output-254415701" onClick='toggleBox("Output-254415701", this, "Show output", "Hide output");'>Show output</a>

<a href="#Output-254415701" onClick="toggleAllBoxes();">Show all outputs</a>
<div class='log' id="Output-254415701">
====
Test 1 : Verify user can navigate to reports section
====<br/>
Step 1 : Navigate to Login page : https://kps.staging.kalkomey.com/login<br/>
Step 2 : Login with valid credentials<br/>
Step 3: Click on Report tab and verify control is redirected to Report Page<br/>
Success !! Control is redirected to Report Page. i.e. Toggle Reports Menu<br/>
Step 4: Click On  'toggle reports menu' link  for  Hide filter<br/>
Success !! Toggle Reports Menu  link Filter  is   Hide<br/>
Step 5: Click On  'toggle reports menu' link  for  UnHide filter<br/>
Success !! Toggle Reports Menu  link Filter  is   UnHide<br/>
Step 6 : Observe Details on Reports Menu<br/>
Success !! State  Text  Box is Present<br/>
Success !! Course  Text  Box is Present<br/>
Success !! FromDate Slsect Field is present <br/>
Success !! ToDate Slsect Field  is present<br/>
Success !! Generate Button   is present<br/>
Step 7: Verify report is generated<br/>
Success !! Dashboard  Tab is Present<br/>
Success !! Details  Tab is Present<br/>
</div>
</td>
<td></td>
<td>45</td>
<td>products.CM.ReportTest@1efb2d90</td></tr>
<tr>
<td title='products.CM.CreateCertificationTest.ReviewDuplicateCertificate()'><b>ReviewDuplicateCertificate</b><br>Test class: products.CM.CreateCertificationTest<br/>
<a href="#Output-49711303" onClick='toggleBox("Output-49711303", this, "Show output", "Hide output");'>Show output</a>

<a href="#Output-49711303" onClick="toggleAllBoxes();">Show all outputs</a>
<div class='log' id="Output-49711303">
====
Test 10 : Verify Review Duplicate Certification
====<br/>
Step 1 : Navigate to Login page : https://kps.staging.kalkomey.com/login<br/>
Step 2 : Login to application and navigating to User Create New Certification page<br/>
Step 3 : Creating new Certificate<br/>
Success !! alert message is displayed i.e. Certification was successfully created.<br/>
Success !! Name is correctcerti126546546 testing<br/>
Step 4 : Try to create duplicate new Certificate<br/>
Success !! alert message is displayed i.e. We've sent you to the latest certification for this student. To view the older certification you just tried to access, click here.<br/>
Step 5 : Click on Link to view older certificate<br/>
Success !! User is redirected to proper page.https://kps.staging.kalkomey.com/certifications/5185839?force=true<br/>
</div>
</td>
<td></td>
<td>110</td>
<td>products.CM.CreateCertificationTest@4323c852</td></tr>
<tr>
<td title='products.CM.ManageSearchCertifications.Search_With_Name_City_DOB()'><b>Search_With_Name_City_DOB</b><br>Test class: products.CM.ManageSearchCertifications<br/>
<a href="#Output-1600950081" onClick='toggleBox("Output-1600950081", this, "Show output", "Hide output");'>Show output</a>

<a href="#Output-1600950081" onClick="toggleAllBoxes();">Show all outputs</a>
<div class='log' id="Output-1600950081">
====
Test 5 : Verify search records are displayed while search by Name and/or city and/or DOB
====<br/>
Step 1 : Navigate to Login page : https://kps.staging.kalkomey.com/login<br/>
Step 2 : Login with valid credentials<br/>
Step 3: Adding new ceritificate<br/>
Success !! alert message is displayed i.e. Certification was successfully created.<br/>
Step 4 : Navigate to 'Search Certifications' and search for added Cerificate with Name and city and DOB e.g. certi820145962 and Dallas and 12/28/1989<br/>
Success !! Certificate is displayed with correct name.  i.e.TESTING, CERTI616196064<br/>
Success !! Certificate is displayed with correct City.  i.e. Dallas<br/>
Success !! Certificate is displayed with correct DOB.  i.e. 12/28/1989<br/>
</div>
</td>
<td></td>
<td>64</td>
<td>products.CM.ManageSearchCertifications@36350f6e</td></tr>
<tr>
<td title='products.CM.RolesPermissionsTest.UserAbletoCanEditCertifications()'><b>UserAbletoCanEditCertifications</b><br>Test class: products.CM.RolesPermissionsTest<br/>
<a href="#Output-1711222387" onClick='toggleBox("Output-1711222387", this, "Show output", "Hide output");'>Show output</a>

<a href="#Output-1711222387" onClick="toggleAllBoxes();">Show all outputs</a>
<div class='log' id="Output-1711222387">
====
Test 5 :Role Permission - Verify that a user with permission 'Can Edit Certifications' should be able to edit Certifications
====<br/>
Step 1 : Navigate to Login page : https://kps.staging.kalkomey.com/login<br/>
Step 2 : Enter valid login credentials and click on Login button.<br/>
Step 3 : Go to manage users > User > Edit account<br/>
Success !!Role Permissions Text is present<br/>
Step 4 : Navigate to permissions section > Check 'Can Edit Certifications' user option and Submit<br/>
Step 5 : Login with user 1.<br/>
Success !! Login  message is displayed i.e. Signed in!<br/>
Step 6 : Verifying  Edit button is enabled under certifications details and User should be able to edit Certifications<br/>
Success !! Edit Info Link is enabled<br/>
Success !! User is able to edit Certifications<br/>
Step 7 :  Change the information of any address field to the desired input and Click on Continue button.<br/>
Step 8 : Verifying changes has updated successfully or not<br/>
Success !! changes has updated successfully<br/>
</div>
</td>
<td></td>
<td>145</td>
<td>products.CM.RolesPermissionsTest@6d7300f9</td></tr>
<tr>
<td title='products.CM.RolesPermissionsTest.UserAbletoManageUser()'><b>UserAbletoManageUser</b><br>Test class: products.CM.RolesPermissionsTest<br/>
<a href="#Output-1621654777" onClick='toggleBox("Output-1621654777", this, "Show output", "Hide output");'>Show output</a>

<a href="#Output-1621654777" onClick="toggleAllBoxes();">Show all outputs</a>
<div class='log' id="Output-1621654777">
====
Test 4 : Role Permission - Verify user with permission 'Can Manage user' is able to Manage user
====<br/>
Step 1 : Navigate to Login page : https://kps.staging.kalkomey.com/login<br/>
Step 2 : Enter valid login credentials and click on Login button.<br/>
Step 3 : Go to manage users > User > Edit account<br/>
Success !!Role Permissions Text is present<br/>
Step 4 : Navigate to permissions section > Check 'Can Manage' user option and Submit<br/>
Step 5 : Login with user 1.<br/>
Success !! Login  message is displayed i.e. Signed in!<br/>
Step 6 : Verifying  user have Read state <br/>
Success !! Admin Link is present<br/>
Success !! Manage users Link is present<br/>
Success !! Certification Activity Link is present<br/>
Step 7 : Navigate to admin > remove this permission<br/>
Step 8 : Login with user 1.<br/>
Step 9 : VerifyA warning message 'You are not authorized to look at this page.' should be displayed<br/>
Success !! 'You are not authorized to look at this page.' message is displayed.<br/>
Step 9 : Reset user to default role<br/>
Step 10 : Sucessfully updated user to its default role!!<br/>
</div>
</td>
<td></td>
<td>331</td>
<td>products.CM.RolesPermissionsTest@6d7300f9</td></tr>
<tr>
<td title='products.CM.RolesPermissionsTest.VerifyPermissionCanCreateCertifications()'><b>VerifyPermissionCanCreateCertifications</b><br>Test class: products.CM.RolesPermissionsTest<br/>
<a href="#Output-1924659081" onClick='toggleBox("Output-1924659081", this, "Show output", "Hide output");'>Show output</a>

<a href="#Output-1924659081" onClick="toggleAllBoxes();">Show all outputs</a>
<div class='log' id="Output-1924659081">
====
Test 6 : Role Permission - Verify permission can create certifications
====<br/>
Step 1 : Navigate to Login page : https://kps.staging.kalkomey.com/login<br/>
Step 2 : Enter valid login credentials and click on Login button.<br/>
Step 3 : Go to manage users > User > Edit account<br/>
Success !!Role Permissions Text is present<br/>
Step 4 : Navigate to permissions section > Check 'Can create Certifications' user option and Submit<br/>
Step 5 : Login with user 1.<br/>
Success !! Login  message is displayed i.e. Signed in!<br/>
Step 6 : Verify User should be able to add new Certifications view 'New certification' link under Certifications listings<br/>
Success !! alert message is displayed i.e. Certification was successfully created.<br/>
Step 7 :  Navigate  to permissions section > Uncheck 'Can Edit Certifications' user option and Submit<br/>
Step 8 : Login with User1 and verify user is not able to create certificate<br/>
Success !! User is not able to see edit button on Certification details screen<br/>
</div>
</td>
<td></td>
<td>345</td>
<td>products.CM.RolesPermissionsTest@6d7300f9</td></tr>
<tr>
<td title='products.CM.ManageAgencyTest.VerifyUrlSublink()'><b>VerifyUrlSublink</b><br>Test class: products.CM.ManageAgencyTest<br/>
<a href="#Output-1003941125" onClick='toggleBox("Output-1003941125", this, "Show output", "Hide output");'>Show output</a>

<a href="#Output-1003941125" onClick="toggleAllBoxes();">Show all outputs</a>
<div class='log' id="Output-1003941125">
====
Test 9 : Verify Forbid Kalkomey employees without the Agency Administrator role from manually going to the Agency CRUD
====<br/>
Step 1 : Navigate to Login page : https://kps.staging.kalkomey.com/login<br/>
Step 2 : Login to application and navigating to Manage Agency  page<br/>
Step 3 : Verify The 'Manage Agencies' link is not  be visible.<br/>
Success !!  The 'Manage Agencies' link is not visible.<br/>
Step 4 : Verify  Denied  message for unauthorized '/agencies','/agencies/new','/agencies/<id>'<br/>
Success !! 'You are not authorized to look at this page.' message is displayed.<br/>
Success !! 'You are not authorized to look at this page.' message is displayed.<br/>
Success !! 'You are not authorized to look at this page.' message is displayed.<br/>
</div>
</td>
<td></td>
<td>234</td>
<td>products.CM.ManageAgencyTest@5956263c</td></tr>
<tr>
<td title='products.CM.RolesPermissionsTest.VerifyUserOnlyCollectionEditors()'><b>VerifyUserOnlyCollectionEditors</b><br>Test class: products.CM.RolesPermissionsTest<br/>
<a href="#Output-1879636150" onClick='toggleBox("Output-1879636150", this, "Show output", "Hide output");'>Show output</a>

<a href="#Output-1879636150" onClick="toggleAllBoxes();">Show all outputs</a>
<div class='log' id="Output-1879636150">
====
Test 19 : Role Permission - Verify Only collection editors can add or edit a collection mapping.
====<br/>
Step 1 : Navigate to Login page : https://kps.staging.kalkomey.com/login<br/>
Step 2 : Enter valid login credentials and click on Login button.<br/>
Step 3 : Verify user Should NOT see a url for managing collection origins.<br/>
 Success!! Manage Collection Origins Link is NOT present <br/>
Step 4 : Navigate to /certification_collections URL and Verify Error Mesage  <br/>
Success !! 'You are not authorized to look at this page.' message is displayed.<br/>
Step 5 : Log in as a user that does has 'Can edit collections' permissions<br/>
Success !!Manage Collection Origins Link is present<br/>
Step 6 :Navigate to /certification_collections URL and Verify  user can see the certification origins listing page. <br/>
 Success!!  user can see the certification origins listing page. <br/>
</div>
</td>
<td></td>
<td>159</td>
<td>products.CM.RolesPermissionsTest@6d7300f9</td></tr>
<tr>
<td title='products.CM.ManageAgencyTest.VerifygencyLinkForNonKalUserk()'><b>VerifygencyLinkForNonKalUserk</b><br>Test class: products.CM.ManageAgencyTest<br/>
<a href="#Output-1476453345" onClick='toggleBox("Output-1476453345", this, "Show output", "Hide output");'>Show output</a>

<a href="#Output-1476453345" onClick="toggleAllBoxes();">Show all outputs</a>
<div class='log' id="Output-1476453345">
====
Test 8 : VerifyAgency links are NOT present on cert collections and users when not logged in as agency admin
====<br/>
Step 1 : Navigate to Login page : https://kps.staging.kalkomey.com/login<br/>
Step 2 : Login to application and navigating to Manage Agency  page<br/>
Step 3 : Open the Admin menu,select Manage Collections. and verify Lists the Certification Collections as normal.<br/>
Success !! Lists the Certification Collections as normal   is present<br/>
Step 4 :  Check whether the agency on each certification collection links to an agency page entry. and Each certification collection entry MUST not  link to an agency. <br/>
Success !! Each certification collection entry MUST NOT link to an agency.<br/>
Step 5 :  Open the Admin menu and select Manage Users. and Lists the users as normal.<br/>
Success !! Lists the users as normal   is present<br/>
Step 6 : Check whether the agency on each user links to an agency page entry. and Each user entry MUST NOT link to an agency.<br/>
Success !! Each user entry MUST NOT link to an agency.<br/>
Step 7:  Click on an arbitrary user,,Check whether the Agency listed on the profile page links to the corresponding Agency page. and The agency listed MUST NOT link to the corresponding agency page.<br/>
Success !! The agency listed MUST NOT link to the corresponding agency page.<br/>
</div>
</td>
<td></td>
<td>56</td>
<td>products.CM.ManageAgencyTest@5956263c</td></tr>
</table><p>
</body>
</html>