<html>
<head>
<title>TestNG:  Snowmobile Ed Automation Run on Win / IE(failed)</title>
<link href="../testng.css" rel="stylesheet" type="text/css" />
<link href="../my-testng.css" rel="stylesheet" type="text/css" />

<style type="text/css">
.log { display: none;} 
.stack-trace { display: none;} 
</style>
<script type="text/javascript">
<!--
function flip(e) {
  current = e.style.display;
  if (current == 'block') {
    e.style.display = 'none';
    return 0;
  }
  else {
    e.style.display = 'block';
    return 1;
  }
}

function toggleBox(szDivId, elem, msg1, msg2)
{
  var res = -1;  if (document.getElementById) {
    res = flip(document.getElementById(szDivId));
  }
  else if (document.all) {
    // this is the way old msie versions work
    res = flip(document.all[szDivId]);
  }
  if(elem) {
    if(res == 0) elem.innerHTML = msg1; else elem.innerHTML = msg2;
  }

}

function toggleAllBoxes() {
  if (document.getElementsByTagName) {
    d = document.getElementsByTagName('div');
    for (i = 0; i < d.length; i++) {
      if (d[i].className == 'log') {
        flip(d[i]);
      }
    }
  }
}

// -->
</script>

</head>
<body>
<h2 align='center'>Snowmobile Ed Automation Run on Win / IE(failed)</h2><table border='1' align="center">
<tr>
<td>Tests passed/Failed/Skipped:</td><td>7/3/0</td>
</tr><tr>
<td>Started on:</td><td>Mon Feb 06 14:08:49 IST 2017</td>
</tr>
<tr><td>Total time:</td><td>3451 seconds (3451181 ms)</td>
</tr><tr>
<td>Included groups:</td><td></td>
</tr><tr>
<td>Excluded groups:</td><td></td>
</tr>
</table><p/>
<small><i>(Hover the method name to see the test class name)</i></small><p/>
<table width='100%' border='1' class='invocation-failed'>
<tr><td colspan='4' align='center'><b>FAILED TESTS</b></td></tr>
<tr><td><b>Test method</b></td>
<td width="30%"><b>Exception</b></td>
<td width="10%"><b>Time (seconds)</b></td>
<td><b>Instance</b></td>
</tr>
<tr>
<td title='courses.SnowmobileEd.CourseContentsAndQuizzesTest.Contents_TimedCourseVerification()'><b>Contents_TimedCourseVerification</b><br>Test class: courses.SnowmobileEd.CourseContentsAndQuizzesTest<br/>
<a href="#Output-737709967" onClick='toggleBox("Output-737709967", this, "Show output", "Hide output");'>Show output</a>

<a href="#Output-737709967" onClick="toggleAllBoxes();">Show all outputs</a>
<div class='log' id="Output-737709967">
====
Test 18 : Verify that user has to move in a particular sequence page wise (at user's pace) for a timed course
====<br/>
Step 1 : Navigate to Registration page : https://qa1.snowmobile-ed.com/indiana<br/>
Step 2 : Register as a New user<br/>
Step 3 : Expanding Unit 1, Expanding Topic 1 , clicking on 'Start Here' button<br/>
Step 4 : Verifying whether timer is displayed on 'Next' button<br/>
Success !! Timer is displayed<br/>
Step 5 : Navigating back to Contents page and Expanding Unit 1, Expanding Topic 3 , clicking on Page 1 link<br/>
Success !! User is NOT navigated to Unit 1 > Topic 3 > Page 1<br/>
Step 6 : Navigating back to Contents page and Expanding Unit 1, Expanding Topic 1 , clicking on Page 2 link<br/>
Failure !! User is NOT navigated to Unit 1 > Topic 1 > Page 1<br/>
---- Test Failed. Please check the console or TestNg report for details<br/>
</div>
</td>
<td><div><pre>java.lang.AssertionError: null
	at courses.SnowmobileEd.CourseContentsAndQuizzesTest.Contents_TimedCourseVerification(CourseContentsAndQuizzesTest.java:3138)
	at java.util.concurrent.ThreadPoolExecutor.runWorker(ThreadPoolExecutor.java:1145)
	at java.util.concurrent.ThreadPoolExecutor$Worker.run(ThreadPoolExecutor.java:615)
	at java.lang.Thread.run(Thread.java:745)
... Removed 12 stack frames</pre></div><a href='#' onClick='toggleBox("stack-trace737709967", this, "Click to show all stack frames", "Click to hide stack frames")'>Click to show all stack frames</a>
<div class='stack-trace' id='stack-trace737709967'><pre>java.lang.AssertionError: null
	at org.testng.Assert.fail(Assert.java:94)
	at org.testng.Assert.fail(Assert.java:101)
	at courses.SnowmobileEd.CourseContentsAndQuizzesTest.Contents_TimedCourseVerification(CourseContentsAndQuizzesTest.java:3138)
	at sun.reflect.NativeMethodAccessorImpl.invoke0(Native Method)
	at sun.reflect.NativeMethodAccessorImpl.invoke(NativeMethodAccessorImpl.java:57)
	at sun.reflect.DelegatingMethodAccessorImpl.invoke(DelegatingMethodAccessorImpl.java:43)
	at java.lang.reflect.Method.invoke(Method.java:606)
	at org.testng.internal.MethodInvocationHelper.invokeMethod(MethodInvocationHelper.java:84)
	at org.testng.internal.Invoker.invokeMethod(Invoker.java:714)
	at org.testng.internal.Invoker.invokeTestMethod(Invoker.java:901)
	at org.testng.internal.Invoker.invokeTestMethods(Invoker.java:1231)
	at org.testng.internal.TestMethodWorker.invokeTestMethods(TestMethodWorker.java:127)
	at org.testng.internal.TestMethodWorker.run(TestMethodWorker.java:111)
	at java.util.concurrent.ThreadPoolExecutor.runWorker(ThreadPoolExecutor.java:1145)
	at java.util.concurrent.ThreadPoolExecutor$Worker.run(ThreadPoolExecutor.java:615)
	at java.lang.Thread.run(Thread.java:745)
</pre></div></td>
<td>213</td>
<td>courses.SnowmobileEd.CourseContentsAndQuizzesTest@bc8ba5</td></tr>
<tr>
<td title='courses.SnowmobileEd.CommonCases.ErrorPages_Verify500ErrorPage()'><b>ErrorPages_Verify500ErrorPage</b><br>Test class: courses.SnowmobileEd.CommonCases<br/>
<a href="#Output-432852642" onClick='toggleBox("Output-432852642", this, "Show output", "Hide output");'>Show output</a>

<a href="#Output-432852642" onClick="toggleAllBoxes();">Show all outputs</a>
<div class='log' id="Output-432852642">
====
Test 2 : Error pages - Verify 500 error page
====<br/>
Step 1: Navigated to 500 error page and verifying UI elements<br/>
</div>
</td>
<td><div><pre>org.openqa.selenium.NoSuchElementException: Timed out after 40 seconds. Unable to locate the element
For documentation on this error, please visit: http://seleniumhq.org/exceptions/no_such_element.html
Build info: version: &apos;2.48.2&apos;, revision: &apos;41bccdd10cf2c0560f637404c2d96164b67d9d67&apos;, time: &apos;2015-10-09 13:08:06&apos;
System info: host: &apos;Sarfaraj_Doni&apos;, ip: &apos;169.254.112.137&apos;, os.name: &apos;Windows 7&apos;, os.arch: &apos;amd64&apos;, os.version: &apos;6.1&apos;, java.version: &apos;1.7.0_71&apos;
Driver info: driver.version: unknown
	at org.openqa.selenium.support.pagefactory.AjaxElementLocator.findElement(AjaxElementLocator.java:91)
	at org.openqa.selenium.support.pagefactory.internal.LocatingElementHandler.invoke(LocatingElementHandler.java:38)
	at com.sun.proxy.$Proxy10.getText(Unknown Source)
	at courses.SnowmobileEd.CommonCases.ErrorPages_Verify500ErrorPage(CommonCases.java:295)
	at java.util.concurrent.ThreadPoolExecutor.runWorker(ThreadPoolExecutor.java:1145)
	at java.util.concurrent.ThreadPoolExecutor$Worker.run(ThreadPoolExecutor.java:615)
	at java.lang.Thread.run(Thread.java:745)
Caused by: org.openqa.selenium.NoSuchElementException: no such element: Unable to locate element: {&quot;method&quot;:&quot;css selector&quot;,&quot;selector&quot;:&quot;div.error h1&quot;}
  (Session info: chrome=55.0.2883.87)
  (Driver info: chromedriver=2.24.417431 (9aea000394714d2fbb20850021f6204f2256b9cf),platform=Windows NT 6.1.7601 SP1 x86_64) (WARNING: The server did not provide any stacktrace information)
Command duration or timeout: 15.03 seconds
For documentation on this error, please visit: http://seleniumhq.org/exceptions/no_such_element.html
Build info: version: &apos;2.48.2&apos;, revision: &apos;41bccdd10cf2c0560f637404c2d96164b67d9d67&apos;, time: &apos;2015-10-09 13:08:06&apos;
System info: host: &apos;Sarfaraj_Doni&apos;, ip: &apos;169.254.112.137&apos;, os.name: &apos;Windows 7&apos;, os.arch: &apos;amd64&apos;, os.version: &apos;6.1&apos;, java.version: &apos;1.7.0_71&apos;
*** Element info: {Using=css selector, value=div.error h1}
Session ID: 8cf26dc48925ceaa4775664d9f099359
Driver info: org.openqa.selenium.chrome.ChromeDriver
Capabilities [{platform=XP, acceptSslCerts=true, javascriptEnabled=true, browserName=chrome, chrome={userDataDir=C:\Users\SARFAR~1\AppData\Local\Temp\scoped_dir7680_5373, chromedriverVersion=2.24.417431 (9aea000394714d2fbb20850021f6204f2256b9cf)}, networkConnectionEnabled=false, rotatable=false, locationContextEnabled=true, mobileEmulationEnabled=false, version=55.0.2883.87, pageLoadStrategy=normal, takesHeapSnapshot=true, cssSelectorsEnabled=true, databaseEnabled=false, handlesAlerts=true, browserConnectionEnabled=false, webStorageEnabled=true, nativeEvents=true, hasTouchScreen=false, applicationCacheEnabled=false, takesScreenshot=true}]
	at org.openqa.selenium.remote.ErrorHandler.createThrowable(ErrorHandler.java:206)
	at org.openqa.selenium.remote.ErrorHandler.throwIfResponseFailed(ErrorHandler.java:158)
	at org.openqa.selenium.remote.RemoteWebDriver.execute(RemoteWebDriver.java:647)
	at org.openqa.selenium.remote.RemoteWebDriver.findElement(RemoteWebDriver.java:353)
	at org.openqa.selenium.remote.RemoteWebDriver.findElementByCssSelector(RemoteWebDriver.java:482)
	at org.openqa.selenium.By$ByCssSelector.findElement(By.java:430)
	at org.openqa.selenium.remote.RemoteWebDriver.findElement(RemoteWebDriver.java:345)
	at org.openqa.selenium.support.pagefactory.DefaultElementLocator.findElement(DefaultElementLocator.java:69)
	at org.openqa.selenium.support.pagefactory.AjaxElementLocator.access$001(AjaxElementLocator.java:41)
	at org.openqa.selenium.support.pagefactory.AjaxElementLocator$SlowLoadingElement.isLoaded(AjaxElementLocator.java:157)
	at org.openqa.selenium.support.ui.SlowLoadableComponent.get(SlowLoadableComponent.java:70)
	at org.openqa.selenium.support.pagefactory.AjaxElementLocator.findElement(AjaxElementLocator.java:87)
	... 16 more
... Removed 13 stack frames</pre></div><a href='#' onClick='toggleBox("stack-trace432852642", this, "Click to show all stack frames", "Click to hide stack frames")'>Click to show all stack frames</a>
<div class='stack-trace' id='stack-trace432852642'><pre>org.openqa.selenium.NoSuchElementException: Timed out after 40 seconds. Unable to locate the element
For documentation on this error, please visit: http://seleniumhq.org/exceptions/no_such_element.html
Build info: version: &apos;2.48.2&apos;, revision: &apos;41bccdd10cf2c0560f637404c2d96164b67d9d67&apos;, time: &apos;2015-10-09 13:08:06&apos;
System info: host: &apos;Sarfaraj_Doni&apos;, ip: &apos;169.254.112.137&apos;, os.name: &apos;Windows 7&apos;, os.arch: &apos;amd64&apos;, os.version: &apos;6.1&apos;, java.version: &apos;1.7.0_71&apos;
Driver info: driver.version: unknown
	at org.openqa.selenium.support.pagefactory.AjaxElementLocator.findElement(AjaxElementLocator.java:91)
	at org.openqa.selenium.support.pagefactory.internal.LocatingElementHandler.invoke(LocatingElementHandler.java:38)
	at com.sun.proxy.$Proxy10.getText(Unknown Source)
	at courses.SnowmobileEd.CommonCases.ErrorPages_Verify500ErrorPage(CommonCases.java:295)
	at sun.reflect.NativeMethodAccessorImpl.invoke0(Native Method)
	at sun.reflect.NativeMethodAccessorImpl.invoke(NativeMethodAccessorImpl.java:57)
	at sun.reflect.DelegatingMethodAccessorImpl.invoke(DelegatingMethodAccessorImpl.java:43)
	at java.lang.reflect.Method.invoke(Method.java:606)
	at org.testng.internal.MethodInvocationHelper.invokeMethod(MethodInvocationHelper.java:84)
	at org.testng.internal.Invoker.invokeMethod(Invoker.java:714)
	at org.testng.internal.Invoker.invokeTestMethod(Invoker.java:901)
	at org.testng.internal.Invoker.invokeTestMethods(Invoker.java:1231)
	at org.testng.internal.TestMethodWorker.invokeTestMethods(TestMethodWorker.java:127)
	at org.testng.internal.TestMethodWorker.run(TestMethodWorker.java:111)
	at java.util.concurrent.ThreadPoolExecutor.runWorker(ThreadPoolExecutor.java:1145)
	at java.util.concurrent.ThreadPoolExecutor$Worker.run(ThreadPoolExecutor.java:615)
	at java.lang.Thread.run(Thread.java:745)
Caused by: org.openqa.selenium.NoSuchElementException: no such element: Unable to locate element: {&quot;method&quot;:&quot;css selector&quot;,&quot;selector&quot;:&quot;div.error h1&quot;}
  (Session info: chrome=55.0.2883.87)
  (Driver info: chromedriver=2.24.417431 (9aea000394714d2fbb20850021f6204f2256b9cf),platform=Windows NT 6.1.7601 SP1 x86_64) (WARNING: The server did not provide any stacktrace information)
Command duration or timeout: 15.03 seconds
For documentation on this error, please visit: http://seleniumhq.org/exceptions/no_such_element.html
Build info: version: &apos;2.48.2&apos;, revision: &apos;41bccdd10cf2c0560f637404c2d96164b67d9d67&apos;, time: &apos;2015-10-09 13:08:06&apos;
System info: host: &apos;Sarfaraj_Doni&apos;, ip: &apos;169.254.112.137&apos;, os.name: &apos;Windows 7&apos;, os.arch: &apos;amd64&apos;, os.version: &apos;6.1&apos;, java.version: &apos;1.7.0_71&apos;
*** Element info: {Using=css selector, value=div.error h1}
Session ID: 8cf26dc48925ceaa4775664d9f099359
Driver info: org.openqa.selenium.chrome.ChromeDriver
Capabilities [{platform=XP, acceptSslCerts=true, javascriptEnabled=true, browserName=chrome, chrome={userDataDir=C:\Users\SARFAR~1\AppData\Local\Temp\scoped_dir7680_5373, chromedriverVersion=2.24.417431 (9aea000394714d2fbb20850021f6204f2256b9cf)}, networkConnectionEnabled=false, rotatable=false, locationContextEnabled=true, mobileEmulationEnabled=false, version=55.0.2883.87, pageLoadStrategy=normal, takesHeapSnapshot=true, cssSelectorsEnabled=true, databaseEnabled=false, handlesAlerts=true, browserConnectionEnabled=false, webStorageEnabled=true, nativeEvents=true, hasTouchScreen=false, applicationCacheEnabled=false, takesScreenshot=true}]
	at sun.reflect.GeneratedConstructorAccessor19.newInstance(Unknown Source)
	at sun.reflect.DelegatingConstructorAccessorImpl.newInstance(DelegatingConstructorAccessorImpl.java:45)
	at java.lang.reflect.Constructor.newInstance(Constructor.java:526)
	at org.openqa.selenium.remote.ErrorHandler.createThrowable(ErrorHandler.java:206)
	at org.openqa.selenium.remote.ErrorHandler.throwIfResponseFailed(ErrorHandler.java:158)
	at org.openqa.selenium.remote.RemoteWebDriver.execute(RemoteWebDriver.java:647)
	at org.openqa.selenium.remote.RemoteWebDriver.findElement(RemoteWebDriver.java:353)
	at org.openqa.selenium.remote.RemoteWebDriver.findElementByCssSelector(RemoteWebDriver.java:482)
	at org.openqa.selenium.By$ByCssSelector.findElement(By.java:430)
	at org.openqa.selenium.remote.RemoteWebDriver.findElement(RemoteWebDriver.java:345)
	at org.openqa.selenium.support.pagefactory.DefaultElementLocator.findElement(DefaultElementLocator.java:69)
	at org.openqa.selenium.support.pagefactory.AjaxElementLocator.access$001(AjaxElementLocator.java:41)
	at org.openqa.selenium.support.pagefactory.AjaxElementLocator$SlowLoadingElement.isLoaded(AjaxElementLocator.java:157)
	at org.openqa.selenium.support.ui.SlowLoadableComponent.get(SlowLoadableComponent.java:70)
	at org.openqa.selenium.support.pagefactory.AjaxElementLocator.findElement(AjaxElementLocator.java:87)
	... 16 more
</pre></div></td>
<td>108</td>
<td>courses.SnowmobileEd.CommonCases@756c01c8</td></tr>
<tr>
<td title='courses.SnowmobileEd.ExamTest.FinalExam_MaxAttemptIL()'><b>FinalExam_MaxAttemptIL</b><br>Test class: courses.SnowmobileEd.ExamTest<br/>
<a href="#Output-69400965" onClick='toggleBox("Output-69400965", this, "Show output", "Hide output");'>Show output</a>

<a href="#Output-69400965" onClick="toggleAllBoxes();">Show all outputs</a>
<div class='log' id="Output-69400965">
====
Test 16 :    Final Exam : To verify max exam attempts for Today's Hunter in Illinois Course 
====<br/>
Step 1: Signing up as new User<br/>
Step 2 : Navigating on KE Cousers Admin and performing 'Fast Forward Fail' and navigating back to Exam result page<br/>
Step 3 : Verifying Final Exam result page when result = Fail<br/>
-- Failure !! incorrect page header i.e. Certification Exam<br/>
-- Success !! user is allowed to attemp exam 2 times<br/>
-- Attempting exam 2 time<br/>
Step 3 : Verifying Final Exam result page when result = Fail<br/>
-- Failure !! incorrect page header i.e. Certification Exam<br/>
-- Success !! user is allowed to attemp exam 2 times<br/>
---- Test Failed. Please check the console or TestNg report for details<br/>
</div>
</td>
<td><div><pre>java.lang.AssertionError: null
	at courses.SnowmobileEd.ExamTest.FinalExam_MaxAttemptIL(ExamTest.java:3213)
	at java.util.concurrent.ThreadPoolExecutor.runWorker(ThreadPoolExecutor.java:1145)
	at java.util.concurrent.ThreadPoolExecutor$Worker.run(ThreadPoolExecutor.java:615)
	at java.lang.Thread.run(Thread.java:745)
... Removed 12 stack frames</pre></div><a href='#' onClick='toggleBox("stack-trace69400965", this, "Click to show all stack frames", "Click to hide stack frames")'>Click to show all stack frames</a>
<div class='stack-trace' id='stack-trace69400965'><pre>java.lang.AssertionError: null
	at org.testng.Assert.fail(Assert.java:94)
	at org.testng.Assert.fail(Assert.java:101)
	at courses.SnowmobileEd.ExamTest.FinalExam_MaxAttemptIL(ExamTest.java:3213)
	at sun.reflect.NativeMethodAccessorImpl.invoke0(Native Method)
	at sun.reflect.NativeMethodAccessorImpl.invoke(NativeMethodAccessorImpl.java:57)
	at sun.reflect.DelegatingMethodAccessorImpl.invoke(DelegatingMethodAccessorImpl.java:43)
	at java.lang.reflect.Method.invoke(Method.java:606)
	at org.testng.internal.MethodInvocationHelper.invokeMethod(MethodInvocationHelper.java:84)
	at org.testng.internal.Invoker.invokeMethod(Invoker.java:714)
	at org.testng.internal.Invoker.invokeTestMethod(Invoker.java:901)
	at org.testng.internal.Invoker.invokeTestMethods(Invoker.java:1231)
	at org.testng.internal.TestMethodWorker.invokeTestMethods(TestMethodWorker.java:127)
	at org.testng.internal.TestMethodWorker.run(TestMethodWorker.java:111)
	at java.util.concurrent.ThreadPoolExecutor.runWorker(ThreadPoolExecutor.java:1145)
	at java.util.concurrent.ThreadPoolExecutor$Worker.run(ThreadPoolExecutor.java:615)
	at java.lang.Thread.run(Thread.java:745)
</pre></div></td>
<td>489</td>
<td>courses.SnowmobileEd.ExamTest@39376b96</td></tr>
</table><p>
<table width='100%' border='1' class='invocation-passed'>
<tr><td colspan='4' align='center'><b>PASSED TESTS</b></td></tr>
<tr><td><b>Test method</b></td>
<td width="30%"><b>Exception</b></td>
<td width="10%"><b>Time (seconds)</b></td>
<td><b>Instance</b></td>
</tr>
<tr>
<td title='courses.SnowmobileEd.CourseContentsAndQuizzesTest.Contents_ContinueLeftOffButtonWorkingAsExpected()'><b>Contents_ContinueLeftOffButtonWorkingAsExpected</b><br>Test class: courses.SnowmobileEd.CourseContentsAndQuizzesTest<br/>
<a href="#Output-1040704153" onClick='toggleBox("Output-1040704153", this, "Show output", "Hide output");'>Show output</a>

<a href="#Output-1040704153" onClick="toggleAllBoxes();">Show all outputs</a>
<div class='log' id="Output-1040704153">
====
Test 3 : Verify that 'Continue where you left off' button is displayed and working as expected
====<br/>
Step 1: Signing up as new User<br/>
Step 3 : Expanding Unit 1, Expanding Topic 1 , clicking on 'Start Here' button<br/>
Step 4 : On Unit page, waiting for timer to over and then clicking on Next Button<br/>
Step 5 : Navigating to Contents page and verifying whether 'Continue where you left off' button is displayed and on click to it, user is navigated to correct page<br/>
Success !! Button is present<br/>
Success !! Button text is correct<br/>
Success !! User is navigated to correct page <br/>
</div>
</td>
<td></td>
<td>274</td>
<td>courses.SnowmobileEd.CourseContentsAndQuizzesTest@bc8ba5</td></tr>
<tr>
<td title='courses.SnowmobileEd.CourseContentsAndQuizzesTest.Contents_VerifyUnitTopicPageNumber()'><b>Contents_VerifyUnitTopicPageNumber</b><br>Test class: courses.SnowmobileEd.CourseContentsAndQuizzesTest<br/>
<a href="#Output-1387709377" onClick='toggleBox("Output-1387709377", this, "Show output", "Hide output");'>Show output</a>

<a href="#Output-1387709377" onClick="toggleAllBoxes();">Show all outputs</a>
<div class='log' id="Output-1387709377">
====
Test 4 : Verify that Unit/Topic/Page number correctly displayed on contents page
====<br/>
Step 1: Signing up as new User<br/>
Step 2 : Expanding Unit 1, Expanding Topic 1 , clicking on 'Start Here' button<br/>
Step 3 : On Contnets page, verify that Unit/Topic/Page number correctly displayed on contents page<br/>
Success !! Unit number is correctUnit 1 of 6<br/>
Success !! Topic number is correctTopic 1 of 5<br/>
Success !! Page number is correctPage 1 of 7<br/>
Success !! Unit number is correctUnit 1 of 6<br/>
Success !! Topic number is correctTopic 1 of 5<br/>
Success !! Page number is correctPage 2 of 7<br/>
</div>
</td>
<td></td>
<td>308</td>
<td>courses.SnowmobileEd.CourseContentsAndQuizzesTest@bc8ba5</td></tr>
<tr>
<td title='courses.SnowmobileEd.CourseContentsAndQuizzesTest.Contents_course_outline()'><b>Contents_course_outline</b><br>Test class: courses.SnowmobileEd.CourseContentsAndQuizzesTest<br/>
<a href="#Output-1500966931" onClick='toggleBox("Output-1500966931", this, "Show output", "Hide output");'>Show output</a>

<a href="#Output-1500966931" onClick="toggleAllBoxes();">Show all outputs</a>
<div class='log' id="Output-1500966931">
====
Test 16 : Verify user can see hide/show course outline and see his progress
====<br/>
Step 1: Signing up as new User<br/>
Step 3 : Expanding Unit 1, Expanding Topic 1 , clicking on 'Start Here' button<br/>
Step 4 : Clicking on 'View Entire Course Outline' link<br/>
-- Course outline pop is opened <br/>
Step 5 : Clicking on 'Hide Entire Course Outline' link<br/>
-- Course outline pop is closed <br/>
Step 6 : Verifying whether current topic is clickable on Course outline pop up<br/>
 -- Topic is clickable on Course outline pop up <br/>
</div>
</td>
<td></td>
<td>252</td>
<td>courses.SnowmobileEd.CourseContentsAndQuizzesTest@bc8ba5</td></tr>
<tr>
<td title='courses.SnowmobileEd.ExamTest.FinalExam_MaxAttemptAL()'><b>FinalExam_MaxAttemptAL</b><br>Test class: courses.SnowmobileEd.ExamTest<br/>
<a href="#Output-2119974474" onClick='toggleBox("Output-2119974474", this, "Show output", "Hide output");'>Show output</a>

<a href="#Output-2119974474" onClick="toggleAllBoxes();">Show all outputs</a>
<div class='log' id="Output-2119974474">
====
Test 14 :  Final Exam : To verify max exam attempts for Today's Hunter in Alabama Course 
====<br/>
Step 1: Signing up as new User<br/>
Step 2 : Navigating on KE Cousers Admin and performing 'Fast Forward Fail' and navigating back to Exam result page<br/>
Step 3 : Verifying Final Exam result page when result = Fail<br/>
-- Success !! Correct page header i.e. Certification Exam<br/>
-- Success !! user is allowed to attemp exam 2 times<br/>
-- Attempting exam 2 time<br/>
Step 3 : Verifying Final Exam result page when result = Fail<br/>
-- Success !! Correct page header i.e. Certification Exam<br/>
-- Success !! user is allowed to attemp exam 2 times<br/>
</div>
</td>
<td></td>
<td>492</td>
<td>courses.SnowmobileEd.ExamTest@39376b96</td></tr>
<tr>
<td title='courses.SnowmobileEd.ExamTest.FinalExam_MaxAttemptAR()'><b>FinalExam_MaxAttemptAR</b><br>Test class: courses.SnowmobileEd.ExamTest<br/>
<a href="#Output-188140410" onClick='toggleBox("Output-188140410", this, "Show output", "Hide output");'>Show output</a>

<a href="#Output-188140410" onClick="toggleAllBoxes();">Show all outputs</a>
<div class='log' id="Output-188140410">
====
Test 15 :   Final Exam : To verify max exam attempts for Today's Hunter in Arkansas Course 
====<br/>
Step 1: Signing up as new User<br/>
Step 2 : Navigating on KE Cousers Admin and performing 'Fast Forward Fail' and navigating back to Exam result page<br/>
Step 3 : Verifying Final Exam result page when result = Fail<br/>
-- Success !! Correct page header i.e. Certification Exam<br/>
-- Success !! user is allowed to attemp exam 2 times<br/>
-- Attempting exam 2 time<br/>
Step 3 : Verifying Final Exam result page when result = Fail<br/>
-- Success !! Correct page header i.e. Certification Exam<br/>
-- Success !! user is allowed to attemp exam 2 times<br/>
</div>
</td>
<td></td>
<td>474</td>
<td>courses.SnowmobileEd.ExamTest@39376b96</td></tr>
<tr>
<td title='courses.SnowmobileEd.ProfileTest.Profile_DefaultValues()'><b>Profile_DefaultValues</b><br>Test class: courses.SnowmobileEd.ProfileTest<br/>
<a href="#Output-179096073" onClick='toggleBox("Output-179096073", this, "Show output", "Hide output");'>Show output</a>

<a href="#Output-179096073" onClick="toggleAllBoxes();">Show all outputs</a>
<div class='log' id="Output-179096073">
====
Test 6: Verify default values for dropdowns fields Gender, County, State 
====<br/>
Step 1: Signing up as new User<br/>
Step 1 : Navigate to Login page : https://qa1.snowmobile-ed.com/register/edit<br/>
Step 3 : Verifying default values for dropdowns fields Gender, County, State  <br/>
Success !! Gender Default value is correct<br/>
Success !! State Default value is correct<br/>
Success !! Country Default value is correct<br/>
</div>
</td>
<td></td>
<td>203</td>
<td>courses.SnowmobileEd.ProfileTest@387162d9</td></tr>
<tr>
<td title='courses.SnowmobileEd.RegistrationTest.Registration_MimAgeValidation()'><b>Registration_MimAgeValidation</b><br>Test class: courses.SnowmobileEd.RegistrationTest<br>Parameters: /pennsylvania, 10, December, 11, 2013<br/>
<a href="#Output-1107077981" onClick='toggleBox("Output-1107077981", this, "Show output", "Hide output");'>Show output</a>

<a href="#Output-1107077981" onClick="toggleAllBoxes();">Show all outputs</a>
<div class='log' id="Output-1107077981">
====
Test 20 : Verify that if a course has a minimum age requirement, the requirement is correctly enforced at registration
====<br/>
Step 1 : Navigate Applicaiton URL : https://qa1.snowmobile-ed.com<br/>
Step 2 : Navigate to Registration page : https://qa1.snowmobile-ed.com/pennsylvania<br/>
Step 3 : Filling registration form (with Age < minimum age required) and clicking on 'Create Account' button<br/>
Step 4 : Verifying whether correct validation message is displayed or not<br/>
Success !! message is correct<br/>
</div>
</td>
<td></td>
<td>176</td>
<td>courses.SnowmobileEd.RegistrationTest@5c338d9d</td></tr>
</table><p>
</body>
</html>